DFW status and trace log : Thu May 12 13:37:58 2016

13:37:58.771 ERROR: no id specified
  SevError(2) : programcontext.cpp : 5665
13:37:58.803 ERROR: target definition defaultTarget has not been created
  Protocol Component : SevError(2) : targetdefinitionmanager.cpp : 5161
13:37:58.866 ERROR: Socket Error. API: recv, SessionId: 896, ReturnCode:  [SystemErrorCode=10054]: SocketHandler::Read
  Protocol Component : SevError(2) : sockethandler.cpp : 102
13:37:58.866 ERROR: Socket Error. API: recv, SessionId: 896, ReturnCode:  [SystemErrorCode=10054]
  Protocol Component : SevError(2) : sockethandler.cpp : 102
13:37:58.866 ERROR: target definition defaultTarget has not been created
  Protocol Component : SevError(2) : targetdefinitionmanager.cpp : 5161
DFW status and trace log : Thu May 12 13:53:53 2016

13:53:53.630 ERROR: Node 'TargetDefns' does not have a child name 'VxWorks6x_90.0.0.50': StdStructContainerInfoNode1::evalNodeChild
  Protocol Component : SevError(2) : infonodehelper.hpp : 1645
13:53:53.630 ERROR: Node 'TargetDefns' does not have a child name 'VxWorks6x_90.0.0.50'
  Protocol Component : SevError(2) : infonodehelper.hpp : 1645
13:53:53.645 ERROR: no id specified
  SevError(2) : programcontext.cpp : 5665
13:53:53.724 ERROR: no id specified
  SevError(2) : programcontext.cpp : 5665
13:53:53.724 ERROR: no id specified
  SevError(2) : programcontext.cpp : 5665
13:53:53.786 ERROR: Invalid core (CPU) id
  SevError(2) : tccoreinfo.cpp : 849
13:53:53.911 ERROR: Unsupported function call: TargetPluginAPI::GetTraceInfo
  SevError(2) : tccallwrappers.cpp : 4517
13:53:54.005 ERROR: Operation succeeded
  SevError(2) : programcontext.cpp : 5208
13:53:54.005 ERROR: Program context is undefined
  SevError(2) : dtacell.cpp : 559
13:53:54.005 ERROR: Operation succeeded
  SevError(2) : programcontext.cpp : 5208
13:53:54.927 ERROR: Program context is undefined
  SevError(2) : dtacell.cpp : 559
13:53:54.927 ERROR: Operation succeeded
  SevError(2) : programcontext.cpp : 5208
13:53:54.927 ERROR: Program context is undefined
  SevError(2) : dtacell.cpp : 559
13:53:54.927 ERROR: Operation succeeded
  SevError(2) : programcontext.cpp : 5208
13:53:54.927 ERROR: Program context is undefined
  SevError(2) : dtacell.cpp : 559
13:53:54.927 ERROR: Operation succeeded
  SevError(2) : programcontext.cpp : 5208
13:53:54.927 ERROR: Program context is undefined
  SevError(2) : dtacell.cpp : 559
13:53:54.927 ERROR: Operation succeeded
  SevError(2) : programcontext.cpp : 5208
13:53:54.927 ERROR: Program context is undefined
  SevError(2) : dtacell.cpp : 559
13:53:54.927 ERROR: Operation succeeded
  SevError(2) : programcontext.cpp : 5208
13:53:54.927 ERROR: Program context is undefined
  SevError(2) : dtacell.cpp : 559
13:53:54.927 ERROR: Operation succeeded
  SevError(2) : programcontext.cpp : 5208
13:53:54.927 ERROR: Program context is undefined
  SevError(2) : dtacell.cpp : 559
13:53:54.927 ERROR: Operation succeeded
  SevError(2) : programcontext.cpp : 5208
13:53:54.927 ERROR: Program context is undefined
  SevError(2) : dtacell.cpp : 559
13:53:54.927 ERROR: Operation succeeded
  SevError(2) : programcontext.cpp : 5208
13:53:54.927 ERROR: Program context is undefined
  SevError(2) : dtacell.cpp : 559
13:53:54.927 ERROR: Operation succeeded
  SevError(2) : programcontext.cpp : 5208
13:53:54.927 ERROR: Program context is undefined
  SevError(2) : dtacell.cpp : 559
13:53:54.927 ERROR: Operation succeeded
  SevError(2) : programcontext.cpp : 5208
13:53:54.927 WARNING: No register with name 'eip' exists: TOSComponent::PopulateRegisterData
  SevWarning(1) : scregaccess.cpp : 3817
13:53:54.927 WARNING: No register with name 'eip' exists: TOSComponent::PopulateRegisterData
  SevWarning(1) : scregaccess.cpp : 3817
13:53:54.927 WARNING: No register with name 'eip' exists
  SevWarning(1) : scregaccess.cpp : 3817
13:53:54.927 WARNING: No register with name 'RegisterGroupFeature' exists: TOSComponent::PopulateRegisterData
  SevWarning(1) : scregaccess.cpp : 3817
13:53:54.927 WARNING: No register with name 'RegisterGroupFeature' exists: TOSComponent::PopulateRegisterData
  SevWarning(1) : scregaccess.cpp : 3817
13:53:54.927 WARNING: No register with name 'RegisterGroupFeature' exists
  SevWarning(1) : scregaccess.cpp : 3817
13:53:54.927 WARNING: No register with name 'RegisterGroupFeature' exists: TOSComponent::PopulateRegisterData
  SevWarning(1) : scregaccess.cpp : 3817
13:53:54.927 WARNING: No register with name 'RegisterGroupFeature' exists: TOSComponent::PopulateRegisterData
  SevWarning(1) : scregaccess.cpp : 3817
13:53:54.927 WARNING: No register with name 'RegisterGroupFeature' exists
  SevWarning(1) : scregaccess.cpp : 3817
13:53:54.927 WARNING: No register with name 'RegisterGroupFeature' exists: TOSComponent::PopulateRegisterData
  SevWarning(1) : scregaccess.cpp : 3817
13:53:54.927 WARNING: No register with name 'RegisterGroupFeature' exists: TOSComponent::PopulateRegisterData
  SevWarning(1) : scregaccess.cpp : 3817
13:53:54.942 WARNING: No register with name 'RegisterGroupFeature' exists
  SevWarning(1) : scregaccess.cpp : 3817
13:53:54.942 WARNING: No register with name 'FPRegisterAccess' exists: TOSComponent::PopulateRegisterData
  SevWarning(1) : scregaccess.cpp : 3817
13:53:54.942 WARNING: No register with name 'FPRegisterAccess' exists: TOSComponent::PopulateRegisterData
  SevWarning(1) : scregaccess.cpp : 3817
13:53:54.942 WARNING: No register with name 'FPRegisterAccess' exists
  SevWarning(1) : scregaccess.cpp : 3817
13:53:54.942 WARNING: No register with name 'GetFeatures' exists: TOSComponent::PopulateRegisterData
  SevWarning(1) : scregaccess.cpp : 3817
13:53:54.942 WARNING: No register with name 'GetFeatures' exists: TOSComponent::PopulateRegisterData
  SevWarning(1) : scregaccess.cpp : 3817
13:53:54.942 WARNING: No register with name 'GetFeatures' exists
  SevWarning(1) : scregaccess.cpp : 3817
13:53:54.942 WARNING: No register with name 'EvalEdxFxsr' exists: TOSComponent::PopulateRegisterData
  SevWarning(1) : scregaccess.cpp : 3817
13:53:54.942 WARNING: No register with name 'EvalEdxFxsr' exists: TOSComponent::PopulateRegisterData
  SevWarning(1) : scregaccess.cpp : 3817
13:53:54.942 WARNING: No register with name 'EvalEdxFxsr' exists
  SevWarning(1) : scregaccess.cpp : 3817
13:53:54.942 WARNING: No register with name 'EvalEcxXSaveAvx' exists: TOSComponent::PopulateRegisterData
  SevWarning(1) : scregaccess.cpp : 3817
13:53:54.942 WARNING: No register with name 'EvalEcxXSaveAvx' exists: TOSComponent::PopulateRegisterData
  SevWarning(1) : scregaccess.cpp : 3817
13:53:54.942 WARNING: No register with name 'EvalEcxXSaveAvx' exists
  SevWarning(1) : scregaccess.cpp : 3817
13:53:54.942 ERROR: Internal Error: Target connected notice when not connecting
  SevInternalError(4) : contextstatemanagerimpl.cpp : 533
13:53:54.942 ERROR: Operation succeeded
  SevError(2) : programcontext.cpp : 5208
13:53:54.989 ERROR: Program context is undefined
  SevError(2) : dtacell.cpp : 559
13:53:54.989 ERROR: Operation succeeded
  SevError(2) : programcontext.cpp : 5208
13:53:55.005 ERROR: Program context is undefined
  SevError(2) : dtacell.cpp : 559
13:53:55.005 ERROR: Operation succeeded
  SevError(2) : programcontext.cpp : 5208
13:53:55.005 ERROR: Program context is undefined
  SevError(2) : dtacell.cpp : 559
13:53:55.005 ERROR: Operation succeeded
  SevError(2) : programcontext.cpp : 5208
13:53:55.005 ERROR: Program context is undefined
  SevError(2) : dtacell.cpp : 559
13:53:55.005 ERROR: Operation succeeded
  SevError(2) : programcontext.cpp : 5208
13:53:55.005 ERROR: Program context is undefined
  SevError(2) : dtacell.cpp : 559
13:53:55.005 ERROR: Operation succeeded
  SevError(2) : programcontext.cpp : 5208
13:53:55.005 ERROR: Program context is undefined
  SevError(2) : dtacell.cpp : 559
13:53:55.005 ERROR: Operation succeeded
  SevError(2) : programcontext.cpp : 5208
13:53:55.020 ERROR: Program context is undefined
  SevError(2) : dtacell.cpp : 559
13:53:55.020 ERROR: Operation succeeded
  SevError(2) : programcontext.cpp : 5208
13:53:55.020 ERROR: Program context is undefined
  SevError(2) : dtacell.cpp : 559
13:53:55.020 ERROR: Operation succeeded
  SevError(2) : programcontext.cpp : 5208
13:53:55.020 ERROR: Program context is undefined
  SevError(2) : dtacell.cpp : 559
13:53:55.020 ERROR: Operation succeeded
  SevError(2) : programcontext.cpp : 5208
13:53:55.020 ERROR: Program context is undefined
  SevError(2) : dtacell.cpp : 559
13:53:55.020 ERROR: Operation succeeded
  SevError(2) : programcontext.cpp : 5208
13:53:55.020 ERROR: Program context is undefined
  SevError(2) : dtacell.cpp : 559
13:53:55.020 ERROR: Operation succeeded
  SevError(2) : programcontext.cpp : 5208
13:53:55.020 ERROR: Program context is undefined
  SevError(2) : dtacell.cpp : 559
13:53:55.020 ERROR: Operation succeeded
  SevError(2) : programcontext.cpp : 5208
13:53:55.020 ERROR: Program context is undefined
  SevError(2) : dtacell.cpp : 559
13:53:55.020 ERROR: Operation succeeded
  SevError(2) : programcontext.cpp : 5208
13:53:55.020 ERROR: Program context is undefined
  SevError(2) : dtacell.cpp : 559
13:53:55.020 ERROR: Operation succeeded
  SevError(2) : programcontext.cpp : 5208
13:53:55.020 ERROR: Program context is undefined
  SevError(2) : dtacell.cpp : 559
13:53:55.020 ERROR: Operation succeeded
  SevError(2) : programcontext.cpp : 5208
13:53:55.020 ERROR: Program context is undefined
  SevError(2) : dtacell.cpp : 559
13:53:55.020 ERROR: Operation succeeded
  SevError(2) : programcontext.cpp : 5208
13:53:55.020 ERROR: Program context is undefined
  SevError(2) : dtacell.cpp : 559
13:53:55.020 ERROR: Operation succeeded
  SevError(2) : programcontext.cpp : 5208
13:53:55.020 ERROR: Program context is undefined
  SevError(2) : dtacell.cpp : 559
13:53:55.020 ERROR: Operation succeeded
  SevError(2) : programcontext.cpp : 5208
13:53:55.020 ERROR: Program context is undefined
  SevError(2) : dtacell.cpp : 559
13:53:55.020 ERROR: Operation succeeded
  SevError(2) : programcontext.cpp : 5208
13:53:55.020 ERROR: Program context is undefined
  SevError(2) : dtacell.cpp : 559
13:53:55.020 ERROR: Operation succeeded
  SevError(2) : programcontext.cpp : 5208
13:53:55.020 ERROR: Program context is undefined
  SevError(2) : dtacell.cpp : 559
13:53:55.020 ERROR: Operation succeeded
  SevError(2) : programcontext.cpp : 5208
13:53:55.020 ERROR: Program context is undefined
  SevError(2) : dtacell.cpp : 559
13:53:55.020 ERROR: Operation succeeded
  SevError(2) : programcontext.cpp : 5208
13:53:55.020 ERROR: Program context is undefined
  SevError(2) : dtacell.cpp : 559
13:53:55.020 ERROR: Operation succeeded
  SevError(2) : programcontext.cpp : 5208
13:53:55.020 ERROR: Program context is undefined
  SevError(2) : dtacell.cpp : 559
13:53:55.020 ERROR: Operation succeeded
  SevError(2) : programcontext.cpp : 5208
13:53:55.067 ERROR: Program context is undefined
  SevError(2) : dtacell.cpp : 559
13:53:55.067 ERROR: Operation succeeded
  SevError(2) : programcontext.cpp : 5208
13:53:55.083 ERROR: Program context is undefined
  SevError(2) : dtacell.cpp : 559
13:53:55.083 ERROR: Operation succeeded
  SevError(2) : programcontext.cpp : 5208
13:53:55.083 ERROR: Program context is undefined
  SevError(2) : dtacell.cpp : 559
13:53:55.083 ERROR: Operation succeeded
  SevError(2) : programcontext.cpp : 5208
13:53:55.083 ERROR: Program context is undefined
  SevError(2) : dtacell.cpp : 559
13:53:55.083 ERROR: Operation succeeded
  SevError(2) : programcontext.cpp : 5208
13:53:55.083 ERROR: Program context is undefined
  SevError(2) : dtacell.cpp : 559
13:53:55.083 ERROR: Operation succeeded
  SevError(2) : programcontext.cpp : 5208
13:54:06.974 ERROR: Program context is undefined
  SevError(2) : dtacell.cpp : 559
13:54:06.974 ERROR: Operation succeeded
  SevError(2) : programcontext.cpp : 5208
13:54:06.974 ERROR: Program context is undefined
  SevError(2) : dtacell.cpp : 559
13:54:06.974 ERROR: Operation succeeded
  SevError(2) : programcontext.cpp : 5208
13:54:06.974 ERROR: Program context is undefined
  SevError(2) : dtacell.cpp : 559
13:54:06.974 ERROR: Operation succeeded
  SevError(2) : programcontext.cpp : 5208
13:54:06.974 ERROR: Program context is undefined
  SevError(2) : dtacell.cpp : 559
13:54:06.974 ERROR: Operation succeeded
  SevError(2) : programcontext.cpp : 5208
13:54:06.974 ERROR: Program context is undefined
  SevError(2) : dtacell.cpp : 559
13:54:06.974 ERROR: Operation succeeded
  SevError(2) : programcontext.cpp : 5208
13:54:06.974 ERROR: Program context is undefined
  SevError(2) : dtacell.cpp : 559
13:54:06.974 ERROR: Operation succeeded
  SevError(2) : programcontext.cpp : 5208
13:54:06.974 ERROR: Program context is undefined
  SevError(2) : dtacell.cpp : 559
13:54:06.974 ERROR: Operation succeeded
  SevError(2) : programcontext.cpp : 5208
13:54:06.974 ERROR: Program context is undefined
  SevError(2) : dtacell.cpp : 559
13:54:06.974 ERROR: Operation succeeded
  SevError(2) : programcontext.cpp : 5208
13:54:06.974 ERROR: Program context is undefined
  SevError(2) : dtacell.cpp : 559
13:54:06.974 ERROR: Operation succeeded
  SevError(2) : programcontext.cpp : 5208
13:54:06.974 ERROR: Program context is undefined
  SevError(2) : dtacell.cpp : 559
13:54:06.974 ERROR: Operation succeeded
  SevError(2) : programcontext.cpp : 5208
13:54:06.974 ERROR: Program context is undefined
  SevError(2) : dtacell.cpp : 559
13:54:06.974 ERROR: Operation succeeded
  SevError(2) : programcontext.cpp : 5208
13:54:06.974 ERROR: Program context is undefined
  SevError(2) : dtacell.cpp : 559
13:54:06.974 ERROR: Operation succeeded
  SevError(2) : programcontext.cpp : 5208
13:54:06.974 ERROR: Program context is undefined
  SevError(2) : dtacell.cpp : 559
13:54:06.974 ERROR: Operation succeeded
  SevError(2) : programcontext.cpp : 5208
13:54:06.974 ERROR: Program context is undefined
  SevError(2) : dtacell.cpp : 559
13:54:06.974 ERROR: Operation succeeded
  SevError(2) : programcontext.cpp : 5208
13:54:06.974 ERROR: Program context is undefined
  SevError(2) : dtacell.cpp : 559
13:54:06.974 ERROR: Operation succeeded
  SevError(2) : programcontext.cpp : 5208
13:54:06.974 ERROR: Program context is undefined
  SevError(2) : dtacell.cpp : 559
13:54:06.974 ERROR: Operation succeeded
  SevError(2) : programcontext.cpp : 5208
13:54:06.974 ERROR: Program context is undefined
  SevError(2) : dtacell.cpp : 559
13:54:06.974 ERROR: Operation succeeded
  SevError(2) : programcontext.cpp : 5208
13:54:06.990 ERROR: Program context is undefined
  SevError(2) : dtacell.cpp : 559
13:54:06.990 ERROR: Operation succeeded
  SevError(2) : programcontext.cpp : 5208
13:54:06.990 ERROR: Program context is undefined
  SevError(2) : dtacell.cpp : 559
13:54:06.990 ERROR: Operation succeeded
  SevError(2) : programcontext.cpp : 5208
13:54:06.990 ERROR: Program context is undefined
  SevError(2) : dtacell.cpp : 559
13:54:06.990 ERROR: Operation succeeded
  SevError(2) : programcontext.cpp : 5208
13:54:06.990 ERROR: Program context is undefined
  SevError(2) : dtacell.cpp : 559
13:54:06.990 ERROR: Operation succeeded
  SevError(2) : programcontext.cpp : 5208
13:54:06.990 ERROR: Program context is undefined
  SevError(2) : dtacell.cpp : 559
13:54:06.990 ERROR: Operation succeeded
  SevError(2) : programcontext.cpp : 5208
13:54:06.990 ERROR: Program context is undefined
  SevError(2) : dtacell.cpp : 559
13:54:06.990 ERROR: Operation succeeded
  SevError(2) : programcontext.cpp : 5208
13:54:06.990 WARNING: This module references unresolved symbols.
  Protocol Component : SevWarning(1) : mitosobjectcommands.cpp : 1891
13:54:08.974 ERROR: Program context is undefined
  SevError(2) : dtacell.cpp : 559
13:54:08.974 ERROR: Operation succeeded
  SevError(2) : programcontext.cpp : 5208
13:54:08.974 ERROR: Program context is undefined
  SevError(2) : dtacell.cpp : 559
13:54:08.974 ERROR: Operation succeeded
  SevError(2) : programcontext.cpp : 5208
13:54:08.974 ERROR: Program context is undefined
  SevError(2) : dtacell.cpp : 559
13:54:08.974 ERROR: Operation succeeded
  SevError(2) : programcontext.cpp : 5208
13:54:08.974 ERROR: Program context is undefined
  SevError(2) : dtacell.cpp : 559
13:54:08.974 ERROR: Operation succeeded
  SevError(2) : programcontext.cpp : 5208
13:54:08.974 ERROR: Program context is undefined
  SevError(2) : dtacell.cpp : 559
13:54:08.974 ERROR: Operation succeeded
  SevError(2) : programcontext.cpp : 5208
13:54:08.974 ERROR: Program context is undefined
  SevError(2) : dtacell.cpp : 559
13:54:08.974 ERROR: Operation succeeded
  SevError(2) : programcontext.cpp : 5208
13:54:08.974 ERROR: Program context is undefined
  SevError(2) : dtacell.cpp : 559
13:54:08.974 ERROR: Operation succeeded
  SevError(2) : programcontext.cpp : 5208
13:54:08.974 ERROR: Program context is undefined
  SevError(2) : dtacell.cpp : 559
13:54:08.974 ERROR: Operation succeeded
  SevError(2) : programcontext.cpp : 5208
13:54:08.974 ERROR: Program context is undefined
  SevError(2) : dtacell.cpp : 559
13:54:08.974 ERROR: Operation succeeded
  SevError(2) : programcontext.cpp : 5208
13:54:08.974 ERROR: Program context is undefined
  SevError(2) : dtacell.cpp : 559
13:54:08.974 ERROR: Operation succeeded
  SevError(2) : programcontext.cpp : 5208
13:54:08.974 ERROR: Program context is undefined
  SevError(2) : dtacell.cpp : 559
13:54:08.974 ERROR: Operation succeeded
  SevError(2) : programcontext.cpp : 5208
13:54:08.974 ERROR: Program context is undefined
  SevError(2) : dtacell.cpp : 559
13:54:08.974 ERROR: Operation succeeded
  SevError(2) : programcontext.cpp : 5208
13:54:08.974 ERROR: Program context is undefined
  SevError(2) : dtacell.cpp : 559
13:54:08.974 ERROR: Operation succeeded
  SevError(2) : programcontext.cpp : 5208
13:54:08.974 ERROR: Program context is undefined
  SevError(2) : dtacell.cpp : 559
13:54:08.974 ERROR: Operation succeeded
  SevError(2) : programcontext.cpp : 5208
13:54:08.974 ERROR: Program context is undefined
  SevError(2) : dtacell.cpp : 559
13:54:08.974 ERROR: Operation succeeded
  SevError(2) : programcontext.cpp : 5208
13:54:08.974 ERROR: Program context is undefined
  SevError(2) : dtacell.cpp : 559
13:54:08.974 ERROR: Operation succeeded
  SevError(2) : programcontext.cpp : 5208
13:54:08.974 ERROR: Program context is undefined
  SevError(2) : dtacell.cpp : 559
13:54:08.974 ERROR: Operation succeeded
  SevError(2) : programcontext.cpp : 5208
13:54:08.974 ERROR: Program context is undefined
  SevError(2) : dtacell.cpp : 559
13:54:08.974 ERROR: Operation succeeded
  SevError(2) : programcontext.cpp : 5208
13:54:08.974 ERROR: Program context is undefined
  SevError(2) : dtacell.cpp : 559
13:54:08.974 ERROR: Operation succeeded
  SevError(2) : programcontext.cpp : 5208
13:54:08.974 ERROR: Program context is undefined
  SevError(2) : dtacell.cpp : 559
13:54:08.974 ERROR: Operation succeeded
  SevError(2) : programcontext.cpp : 5208
13:54:08.974 ERROR: Program context is undefined
  SevError(2) : dtacell.cpp : 559
13:54:08.974 ERROR: Operation succeeded
  SevError(2) : programcontext.cpp : 5208
13:54:08.990 ERROR: Program context is undefined
  SevError(2) : dtacell.cpp : 559
13:54:08.990 ERROR: Operation succeeded
  SevError(2) : programcontext.cpp : 5208
13:54:08.990 ERROR: Program context is undefined
  SevError(2) : dtacell.cpp : 559
13:54:08.990 ERROR: Operation succeeded
  SevError(2) : programcontext.cpp : 5208
13:54:08.990 ERROR: Program context is undefined
  SevError(2) : dtacell.cpp : 559
13:54:08.990 ERROR: Operation succeeded
  SevError(2) : programcontext.cpp : 5208
13:54:08.990 ERROR: Program context is undefined
  SevError(2) : dtacell.cpp : 559
13:54:08.990 ERROR: Operation succeeded
  SevError(2) : programcontext.cpp : 5208
13:54:08.990 ERROR: Program context is undefined
  SevError(2) : dtacell.cpp : 559
13:54:08.990 ERROR: Operation succeeded
  SevError(2) : programcontext.cpp : 5208
13:54:08.990 ERROR: Program context is undefined
  SevError(2) : dtacell.cpp : 559
13:54:08.990 ERROR: Operation succeeded
  SevError(2) : programcontext.cpp : 5208
13:54:09.053 ERROR: Program context is undefined
  SevError(2) : dtacell.cpp : 559
13:54:09.053 ERROR: Operation succeeded
  SevError(2) : programcontext.cpp : 5208
13:59:00.211 ERROR: Target not connected
  SevError(2) : torwtxCommon.cpp : 1058
13:59:00.211 ERROR: Operation succeeded
  SevError(2) : programcontext.cpp : 5208
13:59:00.211 ERROR: Operation succeeded
  SevError(2) : programcontext.cpp : 5208
13:59:00.211 ERROR: Operation succeeded
  SevError(2) : programcontext.cpp : 5208
13:59:00.211 ERROR: Operation succeeded
  SevError(2) : programcontext.cpp : 5208
13:59:00.211 ERROR: Operation succeeded
  SevError(2) : programcontext.cpp : 5208
13:59:00.211 ERROR: Operation succeeded
  SevError(2) : programcontext.cpp : 5208
13:59:00.211 ERROR: Operation succeeded
  SevError(2) : programcontext.cpp : 5208
13:59:00.211 ERROR: Operation succeeded
  SevError(2) : programcontext.cpp : 5208
13:59:00.211 ERROR: Operation succeeded
  SevError(2) : programcontext.cpp : 5208
13:59:00.211 ERROR: Operation succeeded
  SevError(2) : programcontext.cpp : 5208
13:59:00.211 ERROR: Operation succeeded
  SevError(2) : programcontext.cpp : 5208
13:59:00.211 ERROR: Operation succeeded
  SevError(2) : programcontext.cpp : 5208
13:59:00.211 ERROR: Operation succeeded
  SevError(2) : programcontext.cpp : 5208
13:59:00.211 ERROR: Operation succeeded
  SevError(2) : programcontext.cpp : 5208
13:59:00.211 ERROR: Operation succeeded
  SevError(2) : programcontext.cpp : 5208
13:59:00.211 ERROR: Operation succeeded
  SevError(2) : programcontext.cpp : 5208
13:59:00.399 ERROR: Target is busy. Try again later
  SevError(2) : tccallwrappers.cpp : 271
13:59:00.399 ERROR: Target is busy. Try again later
  SevError(2) : tccallwrappers.cpp : 271
13:59:01.289 ERROR: Operation succeeded
  SevError(2) : programcontext.cpp : 5208
13:59:01.289 ERROR: Operation succeeded
  SevError(2) : programcontext.cpp : 5208
13:59:01.305 ERROR: Operation succeeded
  SevError(2) : programcontext.cpp : 5208
13:59:01.352 ERROR: Program context is undefined
  SevError(2) : dtacell.cpp : 559
13:59:01.352 ERROR: Operation succeeded
  SevError(2) : programcontext.cpp : 5208
13:59:01.367 ERROR: Program context is undefined
  SevError(2) : dtacell.cpp : 559
13:59:01.367 ERROR: Operation succeeded
  SevError(2) : programcontext.cpp : 5208
13:59:01.367 ERROR: Program context is undefined
  SevError(2) : dtacell.cpp : 559
13:59:01.367 ERROR: Operation succeeded
  SevError(2) : programcontext.cpp : 5208
13:59:01.367 ERROR: Program context is undefined
  SevError(2) : dtacell.cpp : 559
13:59:01.367 ERROR: Operation succeeded
  SevError(2) : programcontext.cpp : 5208
13:59:01.367 ERROR: Program context is undefined
  SevError(2) : dtacell.cpp : 559
13:59:01.367 ERROR: Operation succeeded
  SevError(2) : programcontext.cpp : 5208
13:59:01.367 ERROR: Program context is undefined
  SevError(2) : dtacell.cpp : 559
13:59:01.367 ERROR: Operation succeeded
  SevError(2) : programcontext.cpp : 5208
13:59:01.383 ERROR: Program context is undefined
  SevError(2) : dtacell.cpp : 559
13:59:01.383 ERROR: Operation succeeded
  SevError(2) : programcontext.cpp : 5208
13:59:01.383 ERROR: Program context is undefined
  SevError(2) : dtacell.cpp : 559
13:59:01.383 ERROR: Operation succeeded
  SevError(2) : programcontext.cpp : 5208
13:59:01.383 ERROR: Program context is undefined
  SevError(2) : dtacell.cpp : 559
13:59:01.383 ERROR: Operation succeeded
  SevError(2) : programcontext.cpp : 5208
13:59:01.383 ERROR: Program context is undefined
  SevError(2) : dtacell.cpp : 559
13:59:01.383 ERROR: Operation succeeded
  SevError(2) : programcontext.cpp : 5208
13:59:01.383 ERROR: Program context is undefined
  SevError(2) : dtacell.cpp : 559
13:59:01.383 ERROR: Operation succeeded
  SevError(2) : programcontext.cpp : 5208
13:59:01.383 ERROR: Program context is undefined
  SevError(2) : dtacell.cpp : 559
13:59:01.383 ERROR: Operation succeeded
  SevError(2) : programcontext.cpp : 5208
13:59:01.383 ERROR: Program context is undefined
  SevError(2) : dtacell.cpp : 559
13:59:01.383 ERROR: Operation succeeded
  SevError(2) : programcontext.cpp : 5208
13:59:01.383 ERROR: Program context is undefined
  SevError(2) : dtacell.cpp : 559
13:59:01.383 ERROR: Operation succeeded
  SevError(2) : programcontext.cpp : 5208
13:59:01.383 ERROR: Program context is undefined
  SevError(2) : dtacell.cpp : 559
13:59:01.383 ERROR: Operation succeeded
  SevError(2) : programcontext.cpp : 5208
13:59:01.383 ERROR: Program context is undefined
  SevError(2) : dtacell.cpp : 559
13:59:01.383 ERROR: Operation succeeded
  SevError(2) : programcontext.cpp : 5208
13:59:01.383 ERROR: Program context is undefined
  SevError(2) : dtacell.cpp : 559
13:59:01.383 ERROR: Operation succeeded
  SevError(2) : programcontext.cpp : 5208
13:59:01.383 ERROR: Program context is undefined
  SevError(2) : dtacell.cpp : 559
13:59:01.383 ERROR: Operation succeeded
  SevError(2) : programcontext.cpp : 5208
13:59:01.383 ERROR: Program context is undefined
  SevError(2) : dtacell.cpp : 559
13:59:01.383 ERROR: Operation succeeded
  SevError(2) : programcontext.cpp : 5208
13:59:01.383 ERROR: Program context is undefined
  SevError(2) : dtacell.cpp : 559
13:59:01.383 ERROR: Operation succeeded
  SevError(2) : programcontext.cpp : 5208
13:59:01.383 ERROR: Program context is undefined
  SevError(2) : dtacell.cpp : 559
13:59:01.383 ERROR: Operation succeeded
  SevError(2) : programcontext.cpp : 5208
13:59:01.383 ERROR: Program context is undefined
  SevError(2) : dtacell.cpp : 559
13:59:01.383 ERROR: Operation succeeded
  SevError(2) : programcontext.cpp : 5208
13:59:01.383 ERROR: Program context is undefined
  SevError(2) : dtacell.cpp : 559
13:59:01.383 ERROR: Operation succeeded
  SevError(2) : programcontext.cpp : 5208
13:59:01.383 ERROR: Program context is undefined
  SevError(2) : dtacell.cpp : 559
13:59:01.383 ERROR: Operation succeeded
  SevError(2) : programcontext.cpp : 5208
13:59:01.383 ERROR: Program context is undefined
  SevError(2) : dtacell.cpp : 559
13:59:01.383 ERROR: Operation succeeded
  SevError(2) : programcontext.cpp : 5208
13:59:01.383 ERROR: Program context is undefined
  SevError(2) : dtacell.cpp : 559
13:59:01.383 ERROR: Operation succeeded
  SevError(2) : programcontext.cpp : 5208
13:59:01.383 ERROR: Program context is undefined
  SevError(2) : dtacell.cpp : 559
13:59:01.383 ERROR: Operation succeeded
  SevError(2) : programcontext.cpp : 5208
13:59:01.399 ERROR: Program context is undefined
  SevError(2) : dtacell.cpp : 559
13:59:01.399 ERROR: Operation succeeded
  SevError(2) : programcontext.cpp : 5208
13:59:01.445 ERROR: Program context is undefined
  SevError(2) : dtacell.cpp : 559
13:59:01.445 ERROR: Operation succeeded
  SevError(2) : programcontext.cpp : 5208
13:59:01.445 ERROR: Program context is undefined
  SevError(2) : dtacell.cpp : 559
13:59:01.445 ERROR: Operation succeeded
  SevError(2) : programcontext.cpp : 5208
13:59:01.445 ERROR: Program context is undefined
  SevError(2) : dtacell.cpp : 559
13:59:01.445 ERROR: Operation succeeded
  SevError(2) : programcontext.cpp : 5208
13:59:01.445 ERROR: Program context is undefined
  SevError(2) : dtacell.cpp : 559
13:59:01.445 ERROR: Operation succeeded
  SevError(2) : programcontext.cpp : 5208
13:59:01.445 ERROR: Program context is undefined
  SevError(2) : dtacell.cpp : 559
13:59:01.445 ERROR: Operation succeeded
  SevError(2) : programcontext.cpp : 5208
13:59:01.727 ERROR: Program context is undefined
  SevError(2) : dtacell.cpp : 559
13:59:01.727 ERROR: Operation succeeded
  SevError(2) : programcontext.cpp : 5208
13:59:10.930 ERROR: Program context is undefined
  SevError(2) : dtacell.cpp : 559
13:59:10.930 ERROR: Operation succeeded
  SevError(2) : programcontext.cpp : 5208
13:59:10.930 ERROR: Program context is undefined
  SevError(2) : dtacell.cpp : 559
13:59:10.930 ERROR: Operation succeeded
  SevError(2) : programcontext.cpp : 5208
13:59:10.930 ERROR: Program context is undefined
  SevError(2) : dtacell.cpp : 559
13:59:10.930 ERROR: Operation succeeded
  SevError(2) : programcontext.cpp : 5208
13:59:10.930 ERROR: Program context is undefined
  SevError(2) : dtacell.cpp : 559
13:59:10.930 ERROR: Operation succeeded
  SevError(2) : programcontext.cpp : 5208
13:59:10.930 ERROR: Program context is undefined
  SevError(2) : dtacell.cpp : 559
13:59:10.930 ERROR: Operation succeeded
  SevError(2) : programcontext.cpp : 5208
13:59:10.930 ERROR: Program context is undefined
  SevError(2) : dtacell.cpp : 559
13:59:10.930 ERROR: Operation succeeded
  SevError(2) : programcontext.cpp : 5208
13:59:10.930 ERROR: Program context is undefined
  SevError(2) : dtacell.cpp : 559
13:59:10.930 ERROR: Operation succeeded
  SevError(2) : programcontext.cpp : 5208
13:59:10.930 ERROR: Program context is undefined
  SevError(2) : dtacell.cpp : 559
13:59:10.930 ERROR: Operation succeeded
  SevError(2) : programcontext.cpp : 5208
13:59:10.930 ERROR: Program context is undefined
  SevError(2) : dtacell.cpp : 559
13:59:10.930 ERROR: Operation succeeded
  SevError(2) : programcontext.cpp : 5208
13:59:10.930 ERROR: Program context is undefined
  SevError(2) : dtacell.cpp : 559
13:59:10.930 ERROR: Operation succeeded
  SevError(2) : programcontext.cpp : 5208
13:59:10.930 ERROR: Program context is undefined
  SevError(2) : dtacell.cpp : 559
13:59:10.930 ERROR: Operation succeeded
  SevError(2) : programcontext.cpp : 5208
13:59:10.930 ERROR: Program context is undefined
  SevError(2) : dtacell.cpp : 559
13:59:10.930 ERROR: Operation succeeded
  SevError(2) : programcontext.cpp : 5208
13:59:10.930 ERROR: Program context is undefined
  SevError(2) : dtacell.cpp : 559
13:59:10.930 ERROR: Operation succeeded
  SevError(2) : programcontext.cpp : 5208
13:59:10.930 ERROR: Program context is undefined
  SevError(2) : dtacell.cpp : 559
13:59:10.930 ERROR: Operation succeeded
  SevError(2) : programcontext.cpp : 5208
13:59:10.930 ERROR: Program context is undefined
  SevError(2) : dtacell.cpp : 559
13:59:10.930 ERROR: Operation succeeded
  SevError(2) : programcontext.cpp : 5208
13:59:10.930 ERROR: Program context is undefined
  SevError(2) : dtacell.cpp : 559
13:59:10.930 ERROR: Operation succeeded
  SevError(2) : programcontext.cpp : 5208
13:59:10.930 ERROR: Program context is undefined
  SevError(2) : dtacell.cpp : 559
13:59:10.930 ERROR: Operation succeeded
  SevError(2) : programcontext.cpp : 5208
13:59:10.946 ERROR: Program context is undefined
  SevError(2) : dtacell.cpp : 559
13:59:10.946 ERROR: Operation succeeded
  SevError(2) : programcontext.cpp : 5208
13:59:10.946 ERROR: Program context is undefined
  SevError(2) : dtacell.cpp : 559
13:59:10.946 ERROR: Operation succeeded
  SevError(2) : programcontext.cpp : 5208
13:59:10.946 ERROR: Program context is undefined
  SevError(2) : dtacell.cpp : 559
13:59:10.946 ERROR: Operation succeeded
  SevError(2) : programcontext.cpp : 5208
13:59:10.946 ERROR: Program context is undefined
  SevError(2) : dtacell.cpp : 559
13:59:10.946 ERROR: Operation succeeded
  SevError(2) : programcontext.cpp : 5208
13:59:10.946 ERROR: Program context is undefined
  SevError(2) : dtacell.cpp : 559
13:59:10.946 ERROR: Operation succeeded
  SevError(2) : programcontext.cpp : 5208
13:59:10.946 ERROR: Program context is undefined
  SevError(2) : dtacell.cpp : 559
13:59:10.946 ERROR: Operation succeeded
  SevError(2) : programcontext.cpp : 5208
13:59:10.946 WARNING: This module references unresolved symbols.
  Protocol Component : SevWarning(1) : mitosobjectcommands.cpp : 1891
13:59:12.368 ERROR: Program context is undefined
  SevError(2) : dtacell.cpp : 559
13:59:12.368 ERROR: Operation succeeded
  SevError(2) : programcontext.cpp : 5208
13:59:12.368 ERROR: Program context is undefined
  SevError(2) : dtacell.cpp : 559
13:59:12.368 ERROR: Operation succeeded
  SevError(2) : programcontext.cpp : 5208
13:59:12.368 ERROR: Program context is undefined
  SevError(2) : dtacell.cpp : 559
13:59:12.368 ERROR: Operation succeeded
  SevError(2) : programcontext.cpp : 5208
13:59:12.368 ERROR: Program context is undefined
  SevError(2) : dtacell.cpp : 559
13:59:12.368 ERROR: Operation succeeded
  SevError(2) : programcontext.cpp : 5208
13:59:12.368 ERROR: Program context is undefined
  SevError(2) : dtacell.cpp : 559
13:59:12.368 ERROR: Operation succeeded
  SevError(2) : programcontext.cpp : 5208
13:59:12.368 ERROR: Program context is undefined
  SevError(2) : dtacell.cpp : 559
13:59:12.368 ERROR: Operation succeeded
  SevError(2) : programcontext.cpp : 5208
13:59:12.368 ERROR: Program context is undefined
  SevError(2) : dtacell.cpp : 559
13:59:12.368 ERROR: Operation succeeded
  SevError(2) : programcontext.cpp : 5208
13:59:12.368 ERROR: Program context is undefined
  SevError(2) : dtacell.cpp : 559
13:59:12.368 ERROR: Operation succeeded
  SevError(2) : programcontext.cpp : 5208
13:59:12.368 ERROR: Program context is undefined
  SevError(2) : dtacell.cpp : 559
13:59:12.368 ERROR: Operation succeeded
  SevError(2) : programcontext.cpp : 5208
13:59:12.368 ERROR: Program context is undefined
  SevError(2) : dtacell.cpp : 559
13:59:12.368 ERROR: Operation succeeded
  SevError(2) : programcontext.cpp : 5208
13:59:12.368 ERROR: Program context is undefined
  SevError(2) : dtacell.cpp : 559
13:59:12.368 ERROR: Operation succeeded
  SevError(2) : programcontext.cpp : 5208
13:59:12.368 ERROR: Program context is undefined
  SevError(2) : dtacell.cpp : 559
13:59:12.368 ERROR: Operation succeeded
  SevError(2) : programcontext.cpp : 5208
13:59:12.368 ERROR: Program context is undefined
  SevError(2) : dtacell.cpp : 559
13:59:12.368 ERROR: Operation succeeded
  SevError(2) : programcontext.cpp : 5208
13:59:12.368 ERROR: Program context is undefined
  SevError(2) : dtacell.cpp : 559
13:59:12.368 ERROR: Operation succeeded
  SevError(2) : programcontext.cpp : 5208
13:59:12.368 ERROR: Program context is undefined
  SevError(2) : dtacell.cpp : 559
13:59:12.368 ERROR: Operation succeeded
  SevError(2) : programcontext.cpp : 5208
13:59:12.368 ERROR: Program context is undefined
  SevError(2) : dtacell.cpp : 559
13:59:12.368 ERROR: Operation succeeded
  SevError(2) : programcontext.cpp : 5208
13:59:12.368 ERROR: Program context is undefined
  SevError(2) : dtacell.cpp : 559
13:59:12.368 ERROR: Operation succeeded
  SevError(2) : programcontext.cpp : 5208
13:59:12.368 ERROR: Program context is undefined
  SevError(2) : dtacell.cpp : 559
13:59:12.368 ERROR: Operation succeeded
  SevError(2) : programcontext.cpp : 5208
13:59:12.368 ERROR: Program context is undefined
  SevError(2) : dtacell.cpp : 559
13:59:12.368 ERROR: Operation succeeded
  SevError(2) : programcontext.cpp : 5208
13:59:12.368 ERROR: Program context is undefined
  SevError(2) : dtacell.cpp : 559
13:59:12.368 ERROR: Operation succeeded
  SevError(2) : programcontext.cpp : 5208
13:59:12.368 ERROR: Program context is undefined
  SevError(2) : dtacell.cpp : 559
13:59:12.368 ERROR: Operation succeeded
  SevError(2) : programcontext.cpp : 5208
13:59:12.368 ERROR: Program context is undefined
  SevError(2) : dtacell.cpp : 559
13:59:12.368 ERROR: Operation succeeded
  SevError(2) : programcontext.cpp : 5208
13:59:12.384 ERROR: Program context is undefined
  SevError(2) : dtacell.cpp : 559
13:59:12.384 ERROR: Operation succeeded
  SevError(2) : programcontext.cpp : 5208
13:59:12.384 ERROR: Program context is undefined
  SevError(2) : dtacell.cpp : 559
13:59:12.384 ERROR: Operation succeeded
  SevError(2) : programcontext.cpp : 5208
13:59:12.384 ERROR: Program context is undefined
  SevError(2) : dtacell.cpp : 559
13:59:12.384 ERROR: Operation succeeded
  SevError(2) : programcontext.cpp : 5208
13:59:12.384 ERROR: Program context is undefined
  SevError(2) : dtacell.cpp : 559
13:59:12.384 ERROR: Operation succeeded
  SevError(2) : programcontext.cpp : 5208
13:59:12.384 ERROR: Program context is undefined
  SevError(2) : dtacell.cpp : 559
13:59:12.384 ERROR: Operation succeeded
  SevError(2) : programcontext.cpp : 5208
13:59:12.446 ERROR: Program context is undefined
  SevError(2) : dtacell.cpp : 559
13:59:12.446 ERROR: Operation succeeded
  SevError(2) : programcontext.cpp : 5208
14:00:52.233 ERROR: Target not connected
  SevError(2) : torwtxCommon.cpp : 1058
14:00:52.233 ERROR: Operation succeeded
  SevError(2) : programcontext.cpp : 5208
14:00:52.233 ERROR: Operation succeeded
  SevError(2) : programcontext.cpp : 5208
14:00:52.233 ERROR: Operation succeeded
  SevError(2) : programcontext.cpp : 5208
14:00:52.233 ERROR: Operation succeeded
  SevError(2) : programcontext.cpp : 5208
14:00:52.233 ERROR: Operation succeeded
  SevError(2) : programcontext.cpp : 5208
14:00:52.233 ERROR: Operation succeeded
  SevError(2) : programcontext.cpp : 5208
14:00:52.233 ERROR: Operation succeeded
  SevError(2) : programcontext.cpp : 5208
14:00:52.233 ERROR: Operation succeeded
  SevError(2) : programcontext.cpp : 5208
14:00:52.233 ERROR: Operation succeeded
  SevError(2) : programcontext.cpp : 5208
14:00:52.233 ERROR: Operation succeeded
  SevError(2) : programcontext.cpp : 5208
14:00:52.233 ERROR: Operation succeeded
  SevError(2) : programcontext.cpp : 5208
14:00:52.233 ERROR: Operation succeeded
  SevError(2) : programcontext.cpp : 5208
14:00:52.233 ERROR: Operation succeeded
  SevError(2) : programcontext.cpp : 5208
14:00:52.233 ERROR: Operation succeeded
  SevError(2) : programcontext.cpp : 5208
14:00:52.233 ERROR: Operation succeeded
  SevError(2) : programcontext.cpp : 5208
14:00:52.233 ERROR: Operation succeeded
  SevError(2) : programcontext.cpp : 5208
14:00:52.374 ERROR: Target is busy. Try again later
  SevError(2) : tccallwrappers.cpp : 271
14:00:52.374 ERROR: Target is busy. Try again later
  SevError(2) : tccallwrappers.cpp : 271
14:00:53.265 ERROR: Operation succeeded
  SevError(2) : programcontext.cpp : 5208
14:00:53.265 ERROR: Operation succeeded
  SevError(2) : programcontext.cpp : 5208
14:00:53.265 ERROR: Operation succeeded
  SevError(2) : programcontext.cpp : 5208
14:00:53.327 ERROR: Program context is undefined
  SevError(2) : dtacell.cpp : 559
14:00:53.327 ERROR: Operation succeeded
  SevError(2) : programcontext.cpp : 5208
14:00:53.327 ERROR: Program context is undefined
  SevError(2) : dtacell.cpp : 559
14:00:53.327 ERROR: Operation succeeded
  SevError(2) : programcontext.cpp : 5208
14:00:53.327 ERROR: Program context is undefined
  SevError(2) : dtacell.cpp : 559
14:00:53.327 ERROR: Operation succeeded
  SevError(2) : programcontext.cpp : 5208
14:00:53.327 ERROR: Program context is undefined
  SevError(2) : dtacell.cpp : 559
14:00:53.327 ERROR: Operation succeeded
  SevError(2) : programcontext.cpp : 5208
14:00:53.327 ERROR: Program context is undefined
  SevError(2) : dtacell.cpp : 559
14:00:53.327 ERROR: Operation succeeded
  SevError(2) : programcontext.cpp : 5208
14:00:53.327 ERROR: Program context is undefined
  SevError(2) : dtacell.cpp : 559
14:00:53.327 ERROR: Operation succeeded
  SevError(2) : programcontext.cpp : 5208
14:00:53.343 ERROR: Program context is undefined
  SevError(2) : dtacell.cpp : 559
14:00:53.343 ERROR: Operation succeeded
  SevError(2) : programcontext.cpp : 5208
14:00:53.343 ERROR: Program context is undefined
  SevError(2) : dtacell.cpp : 559
14:00:53.343 ERROR: Operation succeeded
  SevError(2) : programcontext.cpp : 5208
14:00:53.343 ERROR: Program context is undefined
  SevError(2) : dtacell.cpp : 559
14:00:53.343 ERROR: Operation succeeded
  SevError(2) : programcontext.cpp : 5208
14:00:53.343 ERROR: Program context is undefined
  SevError(2) : dtacell.cpp : 559
14:00:53.343 ERROR: Operation succeeded
  SevError(2) : programcontext.cpp : 5208
14:00:53.343 ERROR: Program context is undefined
  SevError(2) : dtacell.cpp : 559
14:00:53.343 ERROR: Operation succeeded
  SevError(2) : programcontext.cpp : 5208
14:00:53.343 ERROR: Program context is undefined
  SevError(2) : dtacell.cpp : 559
14:00:53.343 ERROR: Operation succeeded
  SevError(2) : programcontext.cpp : 5208
14:00:53.343 ERROR: Program context is undefined
  SevError(2) : dtacell.cpp : 559
14:00:53.343 ERROR: Operation succeeded
  SevError(2) : programcontext.cpp : 5208
14:00:53.343 ERROR: Program context is undefined
  SevError(2) : dtacell.cpp : 559
14:00:53.343 ERROR: Operation succeeded
  SevError(2) : programcontext.cpp : 5208
14:00:53.343 ERROR: Program context is undefined
  SevError(2) : dtacell.cpp : 559
14:00:53.343 ERROR: Operation succeeded
  SevError(2) : programcontext.cpp : 5208
14:00:53.343 ERROR: Program context is undefined
  SevError(2) : dtacell.cpp : 559
14:00:53.343 ERROR: Operation succeeded
  SevError(2) : programcontext.cpp : 5208
14:00:53.343 ERROR: Program context is undefined
  SevError(2) : dtacell.cpp : 559
14:00:53.343 ERROR: Operation succeeded
  SevError(2) : programcontext.cpp : 5208
14:00:53.358 ERROR: Program context is undefined
  SevError(2) : dtacell.cpp : 559
14:00:53.358 ERROR: Operation succeeded
  SevError(2) : programcontext.cpp : 5208
14:00:53.358 ERROR: Program context is undefined
  SevError(2) : dtacell.cpp : 559
14:00:53.358 ERROR: Operation succeeded
  SevError(2) : programcontext.cpp : 5208
14:00:53.358 ERROR: Program context is undefined
  SevError(2) : dtacell.cpp : 559
14:00:53.358 ERROR: Operation succeeded
  SevError(2) : programcontext.cpp : 5208
14:00:53.358 ERROR: Program context is undefined
  SevError(2) : dtacell.cpp : 559
14:00:53.358 ERROR: Operation succeeded
  SevError(2) : programcontext.cpp : 5208
14:00:53.358 ERROR: Program context is undefined
  SevError(2) : dtacell.cpp : 559
14:00:53.358 ERROR: Operation succeeded
  SevError(2) : programcontext.cpp : 5208
14:00:53.358 ERROR: Program conte