DFW status and trace log : Thu Apr 28 13:24:24 2016

13:24:24.692 ERROR: no id specified
  SevError(2) : programcontext.cpp : 5665
13:24:24.739 ERROR: target definition defaultTarget has not been created
  Protocol Component : SevError(2) : targetdefinitionmanager.cpp : 5161
DFW status and trace log : Thu Apr 28 13:26:44 2016

13:26:44.805 ERROR: Node 'TargetDefns' does not have a child name 'VxWorks6x_90.0.0.50': StdStructContainerInfoNode1::evalNodeChild
  Protocol Component : SevError(2) : infonodehelper.hpp : 1645
13:26:44.805 ERROR: Node 'TargetDefns' does not have a child name 'VxWorks6x_90.0.0.50'
  Protocol Component : SevError(2) : infonodehelper.hpp : 1645
13:26:44.844 ERROR: no id specified
  SevError(2) : programcontext.cpp : 5665
13:26:44.963 ERROR: no id specified
  SevError(2) : programcontext.cpp : 5665
13:26:44.963 ERROR: no id specified
  SevError(2) : programcontext.cpp : 5665
13:26:45.017 ERROR: Invalid core (CPU) id
  SevError(2) : tccoreinfo.cpp : 849
13:26:45.149 ERROR: Unsupported function call: TargetPluginAPI::GetTraceInfo
  SevError(2) : tccallwrappers.cpp : 4517
13:26:45.220 ERROR: Operation succeeded
  SevError(2) : programcontext.cpp : 5208
13:26:45.220 ERROR: Program context is undefined
  SevError(2) : dtacell.cpp : 559
13:26:45.220 ERROR: Operation succeeded
  SevError(2) : programcontext.cpp : 5208
13:26:45.905 ERROR: Program context is undefined
  SevError(2) : dtacell.cpp : 559
13:26:45.905 ERROR: Operation succeeded
  SevError(2) : programcontext.cpp : 5208
13:26:45.906 ERROR: Program context is undefined
  SevError(2) : dtacell.cpp : 559
13:26:45.906 ERROR: Operation succeeded
  SevError(2) : programcontext.cpp : 5208
13:26:45.907 ERROR: Program context is undefined
  SevError(2) : dtacell.cpp : 559
13:26:45.907 ERROR: Operation succeeded
  SevError(2) : programcontext.cpp : 5208
13:26:45.907 ERROR: Program context is undefined
  SevError(2) : dtacell.cpp : 559
13:26:45.907 ERROR: Operation succeeded
  SevError(2) : programcontext.cpp : 5208
13:26:45.909 ERROR: Program context is undefined
  SevError(2) : dtacell.cpp : 559
13:26:45.909 ERROR: Operation succeeded
  SevError(2) : programcontext.cpp : 5208
13:26:45.909 ERROR: Program context is undefined
  SevError(2) : dtacell.cpp : 559
13:26:45.909 ERROR: Operation succeeded
  SevError(2) : programcontext.cpp : 5208
13:26:45.911 ERROR: Program context is undefined
  SevError(2) : dtacell.cpp : 559
13:26:45.911 ERROR: Operation succeeded
  SevError(2) : programcontext.cpp : 5208
13:26:45.912 ERROR: Program context is undefined
  SevError(2) : dtacell.cpp : 559
13:26:45.912 ERROR: Operation succeeded
  SevError(2) : programcontext.cpp : 5208
13:26:45.917 ERROR: Program context is undefined
  SevError(2) : dtacell.cpp : 559
13:26:45.917 ERROR: Operation succeeded
  SevError(2) : programcontext.cpp : 5208
13:26:45.917 ERROR: Program context is undefined
  SevError(2) : dtacell.cpp : 559
13:26:45.917 ERROR: Operation succeeded
  SevError(2) : programcontext.cpp : 5208
13:26:45.919 WARNING: No register with name 'eip' exists: TOSComponent::PopulateRegisterData
  SevWarning(1) : scregaccess.cpp : 3817
13:26:45.919 WARNING: No register with name 'eip' exists: TOSComponent::PopulateRegisterData
  SevWarning(1) : scregaccess.cpp : 3817
13:26:45.919 WARNING: No register with name 'eip' exists
  SevWarning(1) : scregaccess.cpp : 3817
13:26:45.919 WARNING: No register with name 'RegisterGroupFeature' exists: TOSComponent::PopulateRegisterData
  SevWarning(1) : scregaccess.cpp : 3817
13:26:45.919 WARNING: No register with name 'RegisterGroupFeature' exists: TOSComponent::PopulateRegisterData
  SevWarning(1) : scregaccess.cpp : 3817
13:26:45.919 WARNING: No register with name 'RegisterGroupFeature' exists
  SevWarning(1) : scregaccess.cpp : 3817
13:26:45.920 WARNING: No register with name 'RegisterGroupFeature' exists: TOSComponent::PopulateRegisterData
  SevWarning(1) : scregaccess.cpp : 3817
13:26:45.920 WARNING: No register with name 'RegisterGroupFeature' exists: TOSComponent::PopulateRegisterData
  SevWarning(1) : scregaccess.cpp : 3817
13:26:45.920 WARNING: No register with name 'RegisterGroupFeature' exists
  SevWarning(1) : scregaccess.cpp : 3817
13:26:45.920 WARNING: No register with name 'RegisterGroupFeature' exists: TOSComponent::PopulateRegisterData
  SevWarning(1) : scregaccess.cpp : 3817
13:26:45.920 WARNING: No register with name 'RegisterGroupFeature' exists: TOSComponent::PopulateRegisterData
  SevWarning(1) : scregaccess.cpp : 3817
13:26:45.920 WARNING: No register with name 'RegisterGroupFeature' exists
  SevWarning(1) : scregaccess.cpp : 3817
13:26:45.920 WARNING: No register with name 'FPRegisterAccess' exists: TOSComponent::PopulateRegisterData
  SevWarning(1) : scregaccess.cpp : 3817
13:26:45.920 WARNING: No register with name 'FPRegisterAccess' exists: TOSComponent::PopulateRegisterData
  SevWarning(1) : scregaccess.cpp : 3817
13:26:45.920 WARNING: No register with name 'FPRegisterAccess' exists
  SevWarning(1) : scregaccess.cpp : 3817
13:26:45.920 WARNING: No register with name 'GetFeatures' exists: TOSComponent::PopulateRegisterData
  SevWarning(1) : scregaccess.cpp : 3817
13:26:45.920 WARNING: No register with name 'GetFeatures' exists: TOSComponent::PopulateRegisterData
  SevWarning(1) : scregaccess.cpp : 3817
13:26:45.920 WARNING: No register with name 'GetFeatures' exists
  SevWarning(1) : scregaccess.cpp : 3817
13:26:45.920 WARNING: No register with name 'EvalEdxFxsr' exists: TOSComponent::PopulateRegisterData
  SevWarning(1) : scregaccess.cpp : 3817
13:26:45.920 WARNING: No register with name 'EvalEdxFxsr' exists: TOSComponent::PopulateRegisterData
  SevWarning(1) : scregaccess.cpp : 3817
13:26:45.920 WARNING: No register with name 'EvalEdxFxsr' exists
  SevWarning(1) : scregaccess.cpp : 3817
13:26:45.920 WARNING: No register with name 'EvalEcxXSaveAvx' exists: TOSComponent::PopulateRegisterData
  SevWarning(1) : scregaccess.cpp : 3817
13:26:45.920 WARNING: No register with name 'EvalEcxXSaveAvx' exists: TOSComponent::PopulateRegisterData
  SevWarning(1) : scregaccess.cpp : 3817
13:26:45.920 WARNING: No register with name 'EvalEcxXSaveAvx' exists
  SevWarning(1) : scregaccess.cpp : 3817
13:26:45.924 ERROR: Internal Error: Target connected notice when not connecting
  SevInternalError(4) : contextstatemanagerimpl.cpp : 533
13:26:45.924 ERROR: Operation succeeded
  SevError(2) : programcontext.cpp : 5208
13:26:45.987 ERROR: Program context is undefined
  SevError(2) : dtacell.cpp : 559
13:26:45.987 ERROR: Operation succeeded
  SevError(2) : programcontext.cpp : 5208
13:26:46.002 ERROR: Program context is undefined
  SevError(2) : dtacell.cpp : 559
13:26:46.002 ERROR: Operation succeeded
  SevError(2) : programcontext.cpp : 5208
13:26:46.002 ERROR: Program context is undefined
  SevError(2) : dtacell.cpp : 559
13:26:46.002 ERROR: Operation succeeded
  SevError(2) : programcontext.cpp : 5208
13:26:46.002 ERROR: Program context is undefined
  SevError(2) : dtacell.cpp : 559
13:26:46.002 ERROR: Operation succeeded
  SevError(2) : programcontext.cpp : 5208
13:26:46.002 ERROR: Program context is undefined
  SevError(2) : dtacell.cpp : 559
13:26:46.002 ERROR: Operation succeeded
  SevError(2) : programcontext.cpp : 5208
13:26:46.003 ERROR: Program context is undefined
  SevError(2) : dtacell.cpp : 559
13:26:46.003 ERROR: Operation succeeded
  SevError(2) : programcontext.cpp : 5208
13:26:46.010 ERROR: Program context is undefined
  SevError(2) : dtacell.cpp : 559
13:26:46.010 ERROR: Operation succeeded
  SevError(2) : programcontext.cpp : 5208
13:26:46.011 ERROR: Program context is undefined
  SevError(2) : dtacell.cpp : 559
13:26:46.011 ERROR: Operation succeeded
  SevError(2) : programcontext.cpp : 5208
13:26:46.011 ERROR: Program context is undefined
  SevError(2) : dtacell.cpp : 559
13:26:46.011 ERROR: Operation succeeded
  SevError(2) : programcontext.cpp : 5208
13:26:46.012 ERROR: Program context is undefined
  SevError(2) : dtacell.cpp : 559
13:26:46.012 ERROR: Operation succeeded
  SevError(2) : programcontext.cpp : 5208
13:26:46.012 ERROR: Program context is undefined
  SevError(2) : dtacell.cpp : 559
13:26:46.012 ERROR: Operation succeeded
  SevError(2) : programcontext.cpp : 5208
13:26:46.012 ERROR: Program context is undefined
  SevError(2) : dtacell.cpp : 559
13:26:46.012 ERROR: Operation succeeded
  SevError(2) : programcontext.cpp : 5208
13:26:46.013 ERROR: Program context is undefined
  SevError(2) : dtacell.cpp : 559
13:26:46.013 ERROR: Operation succeeded
  SevError(2) : programcontext.cpp : 5208
13:26:46.015 ERROR: Program context is undefined
  SevError(2) : dtacell.cpp : 559
13:26:46.015 ERROR: Operation succeeded
  SevError(2) : programcontext.cpp : 5208
13:26:46.016 ERROR: Program context is undefined
  SevError(2) : dtacell.cpp : 559
13:26:46.016 ERROR: Operation succeeded
  SevError(2) : programcontext.cpp : 5208
13:26:46.016 ERROR: Program context is undefined
  SevError(2) : dtacell.cpp : 559
13:26:46.016 ERROR: Operation succeeded
  SevError(2) : programcontext.cpp : 5208
13:26:46.016 ERROR: Program context is undefined
  SevError(2) : dtacell.cpp : 559
13:26:46.016 ERROR: Operation succeeded
  SevError(2) : programcontext.cpp : 5208
13:26:46.016 ERROR: Program context is undefined
  SevError(2) : dtacell.cpp : 559
13:26:46.016 ERROR: Operation succeeded
  SevError(2) : programcontext.cpp : 5208
13:26:46.016 ERROR: Program context is undefined
  SevError(2) : dtacell.cpp : 559
13:26:46.016 ERROR: Operation succeeded
  SevError(2) : programcontext.cpp : 5208
13:26:46.016 ERROR: Program context is undefined
  SevError(2) : dtacell.cpp : 559
13:26:46.016 ERROR: Operation succeeded
  SevError(2) : programcontext.cpp : 5208
13:26:46.016 ERROR: Program context is undefined
  SevError(2) : dtacell.cpp : 559
13:26:46.016 ERROR: Operation succeeded
  SevError(2) : programcontext.cpp : 5208
13:26:46.016 ERROR: Program context is undefined
  SevError(2) : dtacell.cpp : 559
13:26:46.016 ERROR: Operation succeeded
  SevError(2) : programcontext.cpp : 5208
13:26:46.016 ERROR: Program context is undefined
  SevError(2) : dtacell.cpp : 559
13:26:46.016 ERROR: Operation succeeded
  SevError(2) : programcontext.cpp : 5208
13:26:46.024 ERROR: Program context is undefined
  SevError(2) : dtacell.cpp : 559
13:26:46.024 ERROR: Operation succeeded
  SevError(2) : programcontext.cpp : 5208
13:26:46.076 ERROR: Program context is undefined
  SevError(2) : dtacell.cpp : 559
13:26:46.076 ERROR: Operation succeeded
  SevError(2) : programcontext.cpp : 5208
13:26:46.078 ERROR: Program context is undefined
  SevError(2) : dtacell.cpp : 559
13:26:46.078 ERROR: Operation succeeded
  SevError(2) : programcontext.cpp : 5208
13:26:46.079 ERROR: Program context is undefined
  SevError(2) : dtacell.cpp : 559
13:26:46.079 ERROR: Operation succeeded
  SevError(2) : programcontext.cpp : 5208
13:26:46.079 ERROR: Program context is undefined
  SevError(2) : dtacell.cpp : 559
13:26:46.079 ERROR: Operation succeeded
  SevError(2) : programcontext.cpp : 5208
13:26:46.079 ERROR: Program context is undefined
  SevError(2) : dtacell.cpp : 559
13:26:46.079 ERROR: Operation succeeded
  SevError(2) : programcontext.cpp : 5208
13:26:56.833 ERROR: Program context is undefined
  SevError(2) : dtacell.cpp : 559
13:26:56.833 ERROR: Operation succeeded
  SevError(2) : programcontext.cpp : 5208
13:26:56.834 ERROR: Program context is undefined
  SevError(2) : dtacell.cpp : 559
13:26:56.834 ERROR: Operation succeeded
  SevError(2) : programcontext.cpp : 5208
13:26:56.834 ERROR: Program context is undefined
  SevError(2) : dtacell.cpp : 559
13:26:56.834 ERROR: Operation succeeded
  SevError(2) : programcontext.cpp : 5208
13:26:56.835 ERROR: Program context is undefined
  SevError(2) : dtacell.cpp : 559
13:26:56.835 ERROR: Operation succeeded
  SevError(2) : programcontext.cpp : 5208
13:26:56.835 ERROR: Program context is undefined
  SevError(2) : dtacell.cpp : 559
13:26:56.835 ERROR: Operation succeeded
  SevError(2) : programcontext.cpp : 5208
13:26:56.836 ERROR: Program context is undefined
  SevError(2) : dtacell.cpp : 559
13:26:56.836 ERROR: Operation succeeded
  SevError(2) : programcontext.cpp : 5208
13:26:56.836 ERROR: Program context is undefined
  SevError(2) : dtacell.cpp : 559
13:26:56.836 ERROR: Operation succeeded
  SevError(2) : programcontext.cpp : 5208
13:26:56.837 ERROR: Program context is undefined
  SevError(2) : dtacell.cpp : 559
13:26:56.837 ERROR: Operation succeeded
  SevError(2) : programcontext.cpp : 5208
13:26:56.837 ERROR: Program context is undefined
  SevError(2) : dtacell.cpp : 559
13:26:56.837 ERROR: Operation succeeded
  SevError(2) : programcontext.cpp : 5208
13:26:56.838 ERROR: Program context is undefined
  SevError(2) : dtacell.cpp : 559
13:26:56.838 ERROR: Operation succeeded
  SevError(2) : programcontext.cpp : 5208
13:26:56.838 ERROR: Program context is undefined
  SevError(2) : dtacell.cpp : 559
13:26:56.838 ERROR: Operation succeeded
  SevError(2) : programcontext.cpp : 5208
13:26:56.838 ERROR: Program context is undefined
  SevError(2) : dtacell.cpp : 559
13:26:56.838 ERROR: Operation succeeded
  SevError(2) : programcontext.cpp : 5208
13:26:56.839 ERROR: Program context is undefined
  SevError(2) : dtacell.cpp : 559
13:26:56.839 ERROR: Operation succeeded
  SevError(2) : programcontext.cpp : 5208
13:26:56.839 ERROR: Program context is undefined
  SevError(2) : dtacell.cpp : 559
13:26:56.839 ERROR: Operation succeeded
  SevError(2) : programcontext.cpp : 5208
13:26:56.840 ERROR: Program context is undefined
  SevError(2) : dtacell.cpp : 559
13:26:56.840 ERROR: Operation succeeded
  SevError(2) : programcontext.cpp : 5208
13:26:56.840 ERROR: Program context is undefined
  SevError(2) : dtacell.cpp : 559
13:26:56.840 ERROR: Operation succeeded
  SevError(2) : programcontext.cpp : 5208
13:26:56.840 ERROR: Program context is undefined
  SevError(2) : dtacell.cpp : 559
13:26:56.840 ERROR: Operation succeeded
  SevError(2) : programcontext.cpp : 5208
13:26:56.846 ERROR: Program context is undefined
  SevError(2) : dtacell.cpp : 559
13:26:56.846 ERROR: Operation succeeded
  SevError(2) : programcontext.cpp : 5208
13:26:56.848 ERROR: Program context is undefined
  SevError(2) : dtacell.cpp : 559
13:26:56.848 ERROR: Operation succeeded
  SevError(2) : programcontext.cpp : 5208
13:26:56.848 ERROR: Program context is undefined
  SevError(2) : dtacell.cpp : 559
13:26:56.848 ERROR: Operation succeeded
  SevError(2) : programcontext.cpp : 5208
13:26:56.848 ERROR: Program context is undefined
  SevError(2) : dtacell.cpp : 559
13:26:56.848 ERROR: Operation succeeded
  SevError(2) : programcontext.cpp : 5208
13:26:56.848 ERROR: Program context is undefined
  SevError(2) : dtacell.cpp : 559
13:26:56.848 ERROR: Operation succeeded
  SevError(2) : programcontext.cpp : 5208
13:26:56.849 ERROR: Program context is undefined
  SevError(2) : dtacell.cpp : 559
13:26:56.849 ERROR: Operation succeeded
  SevError(2) : programcontext.cpp : 5208
13:26:56.852 WARNING: This module references unresolved symbols.
  Protocol Component : SevWarning(1) : mitosobjectcommands.cpp : 1891
13:26:58.749 ERROR: Program context is undefined
  SevError(2) : dtacell.cpp : 559
13:26:58.749 ERROR: Operation succeeded
  SevError(2) : programcontext.cpp : 5208
13:26:58.749 ERROR: Program context is undefined
  SevError(2) : dtacell.cpp : 559
13:26:58.749 ERROR: Operation succeeded
  SevError(2) : programcontext.cpp : 5208
13:26:58.754 ERROR: Program context is undefined
  SevError(2) : dtacell.cpp : 559
13:26:58.754 ERROR: Operation succeeded
  SevError(2) : programcontext.cpp : 5208
13:26:58.754 ERROR: Program context is undefined
  SevError(2) : dtacell.cpp : 559
13:26:58.754 ERROR: Operation succeeded
  SevError(2) : programcontext.cpp : 5208
13:26:58.754 ERROR: Program context is undefined
  SevError(2) : dtacell.cpp : 559
13:26:58.754 ERROR: Operation succeeded
  SevError(2) : programcontext.cpp : 5208
13:26:58.754 ERROR: Program context is undefined
  SevError(2) : dtacell.cpp : 559
13:26:58.754 ERROR: Operation succeeded
  SevError(2) : programcontext.cpp : 5208
13:26:58.754 ERROR: Program context is undefined
  SevError(2) : dtacell.cpp : 559
13:26:58.754 ERROR: Operation succeeded
  SevError(2) : programcontext.cpp : 5208
13:26:58.754 ERROR: Program context is undefined
  SevError(2) : dtacell.cpp : 559
13:26:58.754 ERROR: Operation succeeded
  SevError(2) : programcontext.cpp : 5208
13:26:58.755 ERROR: Program context is undefined
  SevError(2) : dtacell.cpp : 559
13:26:58.755 ERROR: Operation succeeded
  SevError(2) : programcontext.cpp : 5208
13:26:58.755 ERROR: Program context is undefined
  SevError(2) : dtacell.cpp : 559
13:26:58.755 ERROR: Operation succeeded
  SevError(2) : programcontext.cpp : 5208
13:26:58.755 ERROR: Program context is undefined
  SevError(2) : dtacell.cpp : 559
13:26:58.755 ERROR: Operation succeeded
  SevError(2) : programcontext.cpp : 5208
13:26:58.755 ERROR: Program context is undefined
  SevError(2) : dtacell.cpp : 559
13:26:58.755 ERROR: Operation succeeded
  SevError(2) : programcontext.cpp : 5208
13:26:58.755 ERROR: Program context is undefined
  SevError(2) : dtacell.cpp : 559
13:26:58.755 ERROR: Operation succeeded
  SevError(2) : programcontext.cpp : 5208
13:26:58.755 ERROR: Program context is undefined
  SevError(2) : dtacell.cpp : 559
13:26:58.755 ERROR: Operation succeeded
  SevError(2) : programcontext.cpp : 5208
13:26:58.755 ERROR: Program context is undefined
  SevError(2) : dtacell.cpp : 559
13:26:58.755 ERROR: Operation succeeded
  SevError(2) : programcontext.cpp : 5208
13:26:58.755 ERROR: Program context is undefined
  SevError(2) : dtacell.cpp : 559
13:26:58.755 ERROR: Operation succeeded
  SevError(2) : programcontext.cpp : 5208
13:26:58.755 ERROR: Program context is undefined
  SevError(2) : dtacell.cpp : 559
13:26:58.755 ERROR: Operation succeeded
  SevError(2) : programcontext.cpp : 5208
13:26:58.756 ERROR: Program context is undefined
  SevError(2) : dtacell.cpp : 559
13:26:58.756 ERROR: Operation succeeded
  SevError(2) : programcontext.cpp : 5208
13:26:58.756 ERROR: Program context is undefined
  SevError(2) : dtacell.cpp : 559
13:26:58.756 ERROR: Operation succeeded
  SevError(2) : programcontext.cpp : 5208
13:26:58.756 ERROR: Program context is undefined
  SevError(2) : dtacell.cpp : 559
13:26:58.756 ERROR: Operation succeeded
  SevError(2) : programcontext.cpp : 5208
13:26:58.757 ERROR: Program context is undefined
  SevError(2) : dtacell.cpp : 559
13:26:58.757 ERROR: Operation succeeded
  SevError(2) : programcontext.cpp : 5208
13:26:58.763 ERROR: Program context is undefined
  SevError(2) : dtacell.cpp : 559
13:26:58.763 ERROR: Operation succeeded
  SevError(2) : programcontext.cpp : 5208
13:26:58.768 ERROR: Program context is undefined
  SevError(2) : dtacell.cpp : 559
13:26:58.768 ERROR: Operation succeeded
  SevError(2) : programcontext.cpp : 5208
13:26:58.769 ERROR: Program context is undefined
  SevError(2) : dtacell.cpp : 559
13:26:58.769 ERROR: Operation succeeded
  SevError(2) : programcontext.cpp : 5208
13:26:58.770 ERROR: Program context is undefined
  SevError(2) : dtacell.cpp : 559
13:26:58.770 ERROR: Operation succeeded
  SevError(2) : programcontext.cpp : 5208
13:26:58.770 ERROR: Program context is undefined
  SevError(2) : dtacell.cpp : 559
13:26:58.770 ERROR: Operation succeeded
  SevError(2) : programcontext.cpp : 5208
13:26:58.774 ERROR: Program context is undefined
  SevError(2) : dtacell.cpp : 559
13:26:58.774 ERROR: Operation succeeded
  SevError(2) : programcontext.cpp : 5208
13:26:58.835 ERROR: Program context is undefined
  SevError(2) : dtacell.cpp : 559
13:26:58.835 ERROR: Operation succeeded
  SevError(2) : programcontext.cpp : 5208
13:28:49.860 ERROR: Program context is undefined
  SevError(2) : dtacell.cpp : 559
13:28:49.860 ERROR: Operation succeeded
  SevError(2) : programcontext.cpp : 5208
13:28:49.866 ERROR: Program context is undefined
  SevError(2) : dtacell.cpp : 559
13:28:49.866 ERROR: Operation succeeded
  SevError(2) : programcontext.cpp : 5208
13:28:49.867 ERROR: Program context is undefined
  SevError(2) : dtacell.cpp : 559
13:28:49.867 ERROR: Operation succeeded
  SevError(2) : programcontext.cpp : 5208
13:28:49.878 ERROR: Program context is undefined
  SevError(2) : dtacell.cpp : 559
13:28:49.878 ERROR: Operation succeeded
  SevError(2) : programcontext.cpp : 5208
13:28:49.890 ERROR: Program context is undefined
  SevError(2) : dtacell.cpp : 559
13:28:49.890 ERROR: Operation succeeded
  SevError(2) : programcontext.cpp : 5208
13:28:49.904 ERROR: Program context is undefined
  SevError(2) : dtacell.cpp : 559
13:28:49.904 ERROR: Operation succeeded
  SevError(2) : programcontext.cpp : 5208
13:28:49.916 ERROR: Program context is undefined
  SevError(2) : dtacell.cpp : 559
13:28:49.917 ERROR: Operation succeeded
  SevError(2) : programcontext.cpp : 5208
13:28:49.929 ERROR: Program context is undefined
  SevError(2) : dtacell.cpp : 559
13:28:49.929 ERROR: Operation succeeded
  SevError(2) : programcontext.cpp : 5208
13:28:49.942 ERROR: Program context is undefined
  SevError(2) : dtacell.cpp : 559
13:28:49.942 ERROR: Operation succeeded
  SevError(2) : programcontext.cpp : 5208
13:28:49.956 ERROR: Program context is undefined
  SevError(2) : dtacell.cpp : 559
13:28:49.956 ERROR: Operation succeeded
  SevError(2) : programcontext.cpp : 5208
13:28:49.969 ERROR: Program context is undefined
  SevError(2) : dtacell.cpp : 559
13:28:49.969 ERROR: Operation succeeded
  SevError(2) : programcontext.cpp : 5208
13:28:49.982 ERROR: Program context is undefined
  SevError(2) : dtacell.cpp : 559
13:28:49.982 ERROR: Operation succeeded
  SevError(2) : programcontext.cpp : 5208
13:28:49.996 ERROR: Program context is undefined
  SevError(2) : dtacell.cpp : 559
13:28:49.996 ERROR: Operation succeeded
  SevError(2) : programcontext.cpp : 5208
13:28:50.009 ERROR: Program context is undefined
  SevError(2) : dtacell.cpp : 559
13:28:50.009 ERROR: Operation succeeded
  SevError(2) : programcontext.cpp : 5208
13:28:50.021 ERROR: Program context is undefined
  SevError(2) : dtacell.cpp : 559
13:28:50.021 ERROR: Operation succeeded
  SevError(2) : programcontext.cpp : 5208
13:28:50.034 ERROR: Program context is undefined
  SevError(2) : dtacell.cpp : 559
13:28:50.034 ERROR: Operation succeeded
  SevError(2) : programcontext.cpp : 5208
13:28:50.047 ERROR: Program context is undefined
  SevError(2) : dtacell.cpp : 559
13:28:50.047 ERROR: Operation succeeded
  SevError(2) : programcontext.cpp : 5208
13:28:50.060 ERROR: Program context is undefined
  SevError(2) : dtacell.cpp : 559
13:28:50.060 ERROR: Operation succeeded
  SevError(2) : programcontext.cpp : 5208
13:28:50.068 ERROR: Program context is undefined
  SevError(2) : dtacell.cpp : 559
13:28:50.068 ERROR: Operation succeeded
  SevError(2) : programcontext.cpp : 5208
13:28:51.354 ERROR: Program context is undefined
  SevError(2) : dtacell.cpp : 559
13:28:51.354 ERROR: Operation succeeded
  SevError(2) : programcontext.cpp : 5208
13:28:51.354 ERROR: Program context is undefined
  SevError(2) : dtacell.cpp : 559
13:28:51.354 ERROR: Operation succeeded
  SevError(2) : programcontext.cpp : 5208
13:28:51.355 ERROR: Program context is undefined
  SevError(2) : dtacell.cpp : 559
13:28:51.355 ERROR: Operation succeeded
  SevError(2) : programcontext.cpp : 5208
13:28:51.355 ERROR: Program context is undefined
  SevError(2) : dtacell.cpp : 559
13:28:51.355 ERROR: Operation succeeded
  SevError(2) : programcontext.cpp : 5208
13:28:51.355 ERROR: Program context is undefined
  SevError(2) : dtacell.cpp : 559
13:28:51.355 ERROR: Operation succeeded
  SevError(2) : programcontext.cpp : 5208
13:28:51.356 ERROR: Program context is undefined
  SevError(2) : dtacell.cpp : 559
13:28:51.356 ERROR: Operation succeeded
  SevError(2) : programcontext.cpp : 5208
13:28:51.356 ERROR: Program context is undefined
  SevError(2) : dtacell.cpp : 559
13:28:51.356 ERROR: Operation succeeded
  SevError(2) : programcontext.cpp : 5208
13:28:51.356 ERROR: Program context is undefined
  SevError(2) : dtacell.cpp : 559
13:28:51.356 ERROR: Operation succeeded
  SevError(2) : programcontext.cpp : 5208
13:28:51.357 ERROR: Program context is undefined
  SevError(2) : dtacell.cpp : 559
13:28:51.357 ERROR: Operation succeeded
  SevError(2) : programcontext.cpp : 5208
13:28:51.357 ERROR: Program context is undefined
  SevError(2) : dtacell.cpp : 559
13:28:51.357 ERROR: Operation succeeded
  SevError(2) : programcontext.cpp : 5208
13:28:51.357 ERROR: Program context is undefined
  SevError(2) : dtacell.cpp : 559
13:28:51.357 ERROR: Operation succeeded
  SevError(2) : programcontext.cpp : 5208
13:28:51.358 ERROR: Program context is undefined
  SevError(2) : dtacell.cpp : 559
13:28:51.358 ERROR: Operation succeeded
  SevError(2) : programcontext.cpp : 5208
13:28:51.358 ERROR: Program context is undefined
  SevError(2) : dtacell.cpp : 559
13:28:51.358 ERROR: Operation succeeded
  SevError(2) : programcontext.cpp : 5208
13:28:51.358 ERROR: Program context is undefined
  SevError(2) : dtacell.cpp : 559
13:28:51.358 ERROR: Operation succeeded
  SevError(2) : programcontext.cpp : 5208
13:28:51.359 ERROR: Program context is undefined
  SevError(2) : dtacell.cpp : 559
13:28:51.359 ERROR: Operation succeeded
  SevError(2) : programcontext.cpp : 5208
13:28:51.359 ERROR: Program context is undefined
  SevError(2) : dtacell.cpp : 559
13:28:51.359 ERROR: Operation succeeded
  SevError(2) : programcontext.cpp : 5208
13:28:51.359 ERROR: Program context is undefined
  SevError(2) : dtacell.cpp : 559
13:28:51.359 ERROR: Operation succeeded
  SevError(2) : programcontext.cpp : 5208
13:28:51.365 ERROR: Program context is undefined
  SevError(2) : dtacell.cpp : 559
13:28:51.365 ERROR: Operation succeeded
  SevError(2) : programcontext.cpp : 5208
13:28:51.367 ERROR: Program context is undefined
  SevError(2) : dtacell.cpp : 559
13:28:51.367 ERROR: Operation succeeded
  SevError(2) : programcontext.cpp : 5208
13:28:51.367 ERROR: Program context is undefined
  SevError(2) : dtacell.cpp : 559
13:28:51.367 ERROR: Operation succeeded
  SevError(2) : programcontext.cpp : 5208
13:28:51.368 ERROR: Program context is undefined
  SevError(2) : dtacell.cpp : 559
13:28:51.368 ERROR: Operation succeeded
  SevError(2) : programcontext.cpp : 5208
13:28:51.368 ERROR: Program context is undefined
  SevError(2) : dtacell.cpp : 559
13:28:51.368 ERROR: Operation succeeded
  SevError(2) : programcontext.cpp : 5208
13:28:51.369 ERROR: Program context is undefined
  SevError(2) : dtacell.cpp : 559
13:28:51.369 ERROR: Operation succeeded
  SevError(2) : programcontext.cpp : 5208
13:28:51.375 WARNING: This module references unresolved symbols.
  Protocol Component : SevWarning(1) : mitosobjectcommands.cpp : 1891
13:28:52.302 ERROR: Program context is undefined
  SevError(2) : dtacell.cpp : 559
13:28:52.302 ERROR: Operation succeeded
  SevError(2) : programcontext.cpp : 5208
13:28:52.302 ERROR: Program context is undefined
  SevError(2) : dtacell.cpp : 559
13:28:52.302 ERROR: Operation succeeded
  SevError(2) : programcontext.cpp : 5208
13:28:52.307 ERROR: Program context is undefined
  SevError(2) : dtacell.cpp : 559
13:28:52.307 ERROR: Operation succeeded
  SevError(2) : programcontext.cpp : 5208
13:28:52.307 ERROR: Program context is undefined
  SevError(2) : dtacell.cpp : 559
13:28:52.307 ERROR: Operation succeeded
  SevError(2) : programcontext.cpp : 5208
13:28:52.308 ERROR: Program context is undefined
  SevError(2) : dtacell.cpp : 559
13:28:52.308 ERROR: Operation succeeded
  SevError(2) : programcontext.cpp : 5208
13:28:52.308 ERROR: Program context is undefined
  SevError(2) : dtacell.cpp : 559
13:28:52.308 ERROR: Operation succeeded
  SevError(2) : programcontext.cpp : 5208
13:28:52.308 ERROR: Program context is undefined
  SevError(2) : dtacell.cpp : 559
13:28:52.308 ERROR: Operation succeeded
  SevError(2) : programcontext.cpp : 5208
13:28:52.308 ERROR: Program context is undefined
  SevError(2) : dtacell.cpp : 559
13:28:52.308 ERROR: Operation succeeded
  SevError(2) : programcontext.cpp : 5208
13:28:52.308 ERROR: Program context is undefined
  SevError(2) : dtacell.cpp : 559
13:28:52.308 ERROR: Operation succeeded
  SevError(2) : programcontext.cpp : 5208
13:28:52.308 ERROR: Program context is undefined
  SevError(2) : dtacell.cpp : 559
13:28:52.308 ERROR: Operation succeeded
  SevError(2) : programcontext.cpp : 5208
13:28:52.308 ERROR: Program context is undefined
  SevError(2) : dtacell.cpp : 559
13:28:52.309 ERROR: Operation succeeded
  SevError(2) : programcontext.cpp : 5208
13:28:52.309 ERROR: Program context is undefined
  SevError(2) : dtacell.cpp : 559
13:28:52.309 ERROR: Operation succeeded
  SevError(2) : programcontext.cpp : 5208
13:28:52.309 ERROR: Program context is undefined
  SevError(2) : dtacell.cpp : 559
13:28:52.309 ERROR: Operation succeeded
  SevError(2) : programcontext.cpp : 5208
13:28:52.309 ERROR: Program context is undefined
  SevError(2) : dtacell.cpp : 559
13:28:52.309 ERROR: Operation succeeded
  SevError(2) : programcontext.cpp : 5208
13:28:52.309 ERROR: Program context is undefined
  SevError(2) : dtacell.cpp : 559
13:28:52.309 ERROR: Operation succeeded
  SevError(2) : programcontext.cpp : 5208
13:28:52.309 ERROR: Program context is undefined
  SevError(2) : dtacell.cpp : 559
13:28:52.309 ERROR: Operation succeeded
  SevError(2) : programcontext.cpp : 5208
13:28:52.309 ERROR: Program context is undefined
  SevError(2) : dtacell.cpp : 559
13:28:52.309 ERROR: Operation succeeded
  SevError(2) : programcontext.cpp : 5208
13:28:52.309 ERROR: Program context is undefined
  SevError(2) : dtacell.cpp : 559
13:28:52.309 ERROR: Operation succeeded
  SevError(2) : programcontext.cpp : 5208
13:28:52.309 ERROR: Program context is undefined
  SevError(2) : dtacell.cpp : 559
13:28:52.309 ERROR: Operation succeeded
  SevError(2) : programcontext.cpp : 5208
13:28:52.309 ERROR: Program context is undefined
  SevError(2) : dtacell.cpp : 559
13:28:52.309 ERROR: Operation succeeded
  SevError(2) : programcontext.cpp : 5208
13:28:52.311 ERROR: Program context is undefined
  SevError(2) : dtacell.cpp : 559
13:28:52.311 ERROR: Operation succeeded
  SevError(2) : programcontext.cpp : 5208
13:28:52.315 ERROR: Program context is undefined
  SevError(2) : dtacell.cpp : 559
13:28:52.315 ERROR: Operation succeeded
  SevError(2) : programcontext.cpp : 5208
13:28:52.316 ERROR: Program context is undefined
  SevError(2) : dtacell.cpp : 559
13:28:52.316 ERROR: Operation succeeded
  SevError(2) : programcontext.cpp : 5208
13:28:52.316 ERROR: Program context is undefined
  SevError(2) : dtacell.cpp : 559
13:28:52.316 ERROR: Operation succeeded
  SevError(2) : programcontext.cpp : 5208
13:28:52.319 ERROR: Program context is undefined
  SevError(2) : dtacell.cpp : 559
13:28:52.319 ERROR: Operation succeeded
  SevError(2) : programcontext.cpp : 5208
13:28:52.321 ERROR: Program context is undefined
  SevError(2) : dtacell.cpp : 559
13:28:52.321 ERROR: Operation succeeded
  SevError(2) : programcontext.cpp : 5208
13:28:52.326 ERROR: Program context is undefined
  SevError(2) : dtacell.cpp : 559
13:28:52.326 ERROR: Operation succeeded
  SevError(2) : programcontext.cpp : 5208
13:28:52.327 ERROR: Program context is undefined
  SevError(2) : dtacell.cpp : 559
13:28:52.327 ERROR: Operation succeeded
  SevError(2) : programcontext.cpp : 5208
13:31:05.673 ERROR: Program context is undefined
  SevError(2) : dtacell.cpp : 559
13:31:05.673 ERROR: Operation succeeded
  SevError(2) : programcontext.cpp : 5208
13:31:05.673 ERROR: Program context is undefined
  SevError(2) : dtacell.cpp : 559
13:31:05.673 ERROR: Operation succeeded
  SevError(2) : programcontext.cpp : 5208
13:31:05.682 ERROR: Program context is undefined
  SevError(2) : dtacell.cpp : 559
13:31:05.682 ERROR: Operation succeeded
  SevError(2) : programcontext.cpp : 5208
13:31:05.689 ERROR: Program context is undefined
  SevError(2) : dtacell.cpp : 559
13:31:05.689 ERROR: Operation succeeded
  SevError(2) : programcontext.cpp : 5208
13:31:05.696 ERROR: Program context is undefined
  SevError(2) : dtacell.cpp : 559
13:31:05.696 ERROR: Operation succeeded
  SevError(2) : programcontext.cpp : 5208
13:31:05.704 ERROR: Program context is undefined
  SevError(2) : dtacell.cpp : 559
13:31:05.704 ERROR: Operation succeeded
  SevError(2) : programcontext.cpp : 5208
13:31:05.711 ERROR: Program context is undefined
  SevError(2) : dtacell.cpp : 559
13:31:05.711 ERROR: Operation succeeded
  SevError(2) : programcontext.cpp : 5208
13:31:05.719 ERROR: Program context is undefined
  SevError(2) : dtacell.cpp : 559
13:31:05.719 ERROR: Operation succeeded
  SevError(2) : programcontext.cpp : 5208
13:31:05.726 ERROR: Program context is undefined
  SevError(2) : dtacell.cpp : 559
13:31:05.726 ERROR: Operation succeeded
  SevError(2) : programcontext.cpp : 5208
13:31:05.733 ERROR: Program context is undefined
  SevError(2) : dtacell.cpp : 559
13:31:05.733 ERROR: Operation succeeded
  SevError(2) : programcontext.cpp : 5208
13:31:05.740 ERROR: Program context is undefined
  SevError(2) : dtacell.cpp : 559
13:31:05.741 ERROR: Operation succeeded
  SevError(2) : programcontext.cpp : 5208
13:31:05.748 ERROR: Program context is undefined
  SevError(2) : dtacell.cpp : 559
13:31:05.748 ERROR: Operation succeeded
  SevError(2) : programcontext.cpp : 5208
13:31:05.754 ERROR: Program context is undefined
  SevError(2) : dtacell.cpp : 559
13:31:05.754 ERROR: Operation succeeded
  SevError(2) : programcontext.cpp : 5208
13:31:05.762 ERROR: Program context is undefined
  SevError(2) : dtacell.cpp : 559
13:31:05.762 ERROR: Operation succeeded
  SevError(2) : programcontext.cpp : 5208
13:31:05.769 ERROR: Program context is undefined
  SevError(2) : dtacell.cpp : 559
13:31:05.769 ERROR: Operation succeeded
  SevError(2) : programcontext.cpp : 5208
13:31:05.776 ERROR: Program context is undefined
  SevError(2) : dtacell.cpp : 559
13:31:05.776 ERROR: Operation succeeded
  SevError(2) : programcontext.cpp : 5208
13:31:05.783 ERROR: Program context is undefined
  SevError(2) : dtacell.cpp : 559
13:31:05.783 ERROR: Operation succeeded
  SevError(2) : programcontext.cpp : 5208
13:31:05.783 ERROR: Program context is undefined
  SevError(2) : dtacell.cpp : 559
13:31:05.783 ERROR: Operation succeeded
  SevError(2) : programcontext.cpp : 5208
13:31:05.799 ERROR: Program context is undefined
  SevError(2) : dtacell.cpp : 559
13:31:05.799 ERROR: Operation succeeded
  SevError(2) : programcontext.cpp : 5208
13:31:05.804 ERROR: Program context is undefined
  SevError(2) : dtacell.cpp : 559
13:31:05.804 ERROR: Operation succeeded
  SevError(2) : programcontext.cpp : 5208
13:31:07.397 ERROR: Program context is undefined
  SevError(2) : dtacell.cpp : 559
13:31:07.397 ERROR: Operation succeeded
  SevError(2) : programcontext.cpp : 5208
13:31:07.397 ERROR: Program context is undefined
  SevError(2) : dtacell.cpp : 559
13:31:07.397 ERROR: Operation succeeded
  SevError(2) : programcontext.cpp : 5208
13:31:07.398 ERROR: Program context is undefined
  SevError(2) : dtacell.cpp : 559
13:31:07.398 ERROR: Operation succeeded
  SevError(2) : programcontext.cpp : 5208
13:31:07.398 ERROR: Program context is undefined
  SevError(2) : dtacell.cpp : 559
13:31:07.398 ERROR: Operation succeeded
  SevError(2) : programcontext.cpp : 5208
13:31:07.398 ERROR: Program context is undefined
  SevError(2) : dtacell.cpp : 559
13:31:07.398 ERROR: Operation succeeded
  SevError(2) : programcontext.cpp : 5208
13:31:07.399 ERROR: Program context is undefined
  SevError(2) : dtacell.cpp : 559
13:31:07.399 ERROR: Operation succeeded
  SevError(2) : programcontext.cpp : 5208
13:31:07.399 ERROR: Program context is undefined
  SevError(2) : dtacell.cpp : 559
13:31:07.399 ERROR: Operation succeeded
  SevError(2) : programcontext.cpp : 5208
13:31:07.400 ERROR: Program context is undefined
  SevError(2) : dtacell.cpp : 559
13:31:07.400 ERROR: Operation succeeded
  SevError(2) : programcontext.cpp : 5208
13:31:07.400 ERROR: Program context is undefined
  SevError(2) : dtacell.cpp : 559
13:31:07.400 ERROR: Operation succeeded
  SevError(2) : programcontext.cpp : 5208
13:31:07.400 ERROR: Program context is undefined
  SevError(2) : dtacell.cpp : 559
13:31:07.400 ERROR: Operation succeeded
  SevError(2) : programcontext.cpp : 5208
13:31:07.401 ERROR: Program context is undefined
  SevError(2) : dtacell.cpp : 559
13:31:07.401 ERROR: Operation succeeded
  SevError(2) : programcontext.cpp : 5208
13:31:07.401 ERROR: Program context is undefined
  SevError(2) : dtacell.cpp : 559
13:31:07.401 ERROR: Operation succeeded
  SevError(2) : programcontext.cpp : 5208
13:31:07.401 ERROR: Program context is undefined
  SevError(2) : dtacell.cpp : 559
13:31:07.401 ERROR: Operation succeeded
  SevError(2) : programcontext.cpp : 5208
13:31:07.402 ERROR: Program context is undefined
  SevError(2) : dtacell.cpp : 559
13:31:07.402 ERROR: Operation succeeded
  SevError(2) : programcontext.cpp : 5208
13:31:07.402 ERROR: Program context is undefined
  SevError(2) : dtacell.cpp : 559
13:31:07.402 ERROR: Operation succeeded
  SevError(2) : programcontext.cpp : 5208
13:31:07.403 ERROR: Program context is undefined
  SevError(2) : dtacell.cpp : 559
13:31:07.403 ERROR: Operation succeeded
  SevError(2) : programcontext.cpp : 5208
13:31:07.403 ERROR: Program context is undefined
  SevError(2) : dtacell.cpp : 559
13:31:07.403 ERROR: Operation succeeded
  SevError(2) : programcontext.cpp : 5208
13:31:07.407 ERROR: Program context is undefined
  SevError(2) : dtacell.cpp : 559
13:31:07.407 ERROR: Operation succeeded
  SevError(2) : programcontext.cpp : 5208
13:31:07.409 ERROR: Program context is undefined
  SevError(2) : dtacell.cpp : 559
13:31:07.409 ERROR: Operation succeeded
  SevError(2) : programcontext.cpp : 5208
13:31:07.409 ERROR: Program context is undefined
  SevError(2) : dtacell.cpp : 559
13:31:07.409 ERROR: Operation succeeded
  SevError(2) : programcontext.cpp : 5208
13:31:07.410 ERROR: Program context is undefined
  SevError(2) : dtacell.cpp : 559
13:31:07.410 ERROR: Operation succeeded
  SevError(2) : programcontext.cpp : 5208
13:31:07.410 ERROR: Program context is undefined
  SevError(2) : dtacell.cpp : 559
13:31:07.410 ERROR: Operation succeeded
  SevError(2) : programcontext.cpp : 5208
13:31:07.411 ERROR: Program context is undefined
  SevError(2) : dtacell.cpp : 559
13:31:07.411 ERROR: Operation succeeded
  SevError(2) : programcontext.cpp : 5208
13:31:07.414 WARNING: This module references unresolved symbols.
  Protocol Component : SevWarning(1) : mitosobjectcommands.cpp : 1891
13:31:08.802 ERROR: Program context is undefined
  SevError(2) : dtacell.cpp : 559
13:31:08.802 ERROR: Operation succeeded
  SevError(2) : programcontext.cpp : 5208
13:31:08.802 ERROR: Program context is undefined
  SevError(2) : dtacell.cpp : 559
13:31:08.802 ERROR: Operation succeeded
  SevError(2) : programcontext.cpp : 5208
13:31:08.807 ERROR: Program context is undefined
  SevError(2) : dtacell.cpp : 559
13:31:08.807 ERROR: Operation succeeded
  SevError(2) : programcontext.cpp : 5208
13:31:08.807 ERROR: Program context is undefined
  SevError(2) : dtacell.cpp : 559
13:31:08.807 ERROR: Operation succeeded
  SevError(2) : programcontext.cpp : 5208
13:31:08.807 ERROR: Program context is undefined
  SevError(2) : dtacell.cpp : 559
13:31:08.807 ERROR: Operation succeeded
  SevError(2) : programcontext.cpp : 5208
13:31:08.807 ERROR: Program context is undefined
  SevError(2) : dtacell.cpp : 559
13:31:08.807 ERROR: Operation succeeded
  SevError(2) : programcontext.cpp : 5208
13:31:08.807 ERROR: Program context is undefined
  SevError(2) : dtacell.cpp : 559
13:31:08.807 ERROR: Operation succeeded
  SevError(2) : programcontext.cpp : 5208
13:31:08.807 ERROR: Program context is undefined
  SevError(2) : dtacell.cpp : 559
13:31:08.807 ERROR: Operation succeeded
  SevError(2) : programcontext.cpp : 5208
13:31:08.808 ERROR: Program context is undefined
  SevError(2) : dtacell.cpp : 559
13:31:08.808 ERROR: Operation succeeded
  SevError(2) : programcontext.cpp : 5208
13:31:08.808 ERROR: Program context is undefined
  SevError(2) : dtacell.cpp : 559
13:31:08.808 ERROR: Operation succeeded
  SevError(2) : programcontext.cpp : 5208
13:31:08.808 ERROR: Program context is undefined
  SevError(2) : dtacell.cpp : 559
13:31:08.808 ERROR: Operation succeeded
  SevError(2) : programcontext.cpp : 5208
13:31:08.808 ERROR: Program context is undefined
  SevError(2) : dtacell.cpp : 559
13:31:08.808 ERROR: Operation succeeded
  SevError(2) : programcontext.cpp : 5208
13:31:08.808 ERROR: Program context is undefined
  SevError(2) : dtacell.cpp : 559
13:31:08.808 ERROR: Operation succeeded
  SevError(2) : programcontext.cpp : 5208
13:31:08.808 ERROR: Program context is undefined
  SevError(2) : dtacell.cpp : 559
13:31:08.808 ERROR: Operation succeeded
  SevError(2) : programcontext.cpp : 5208
13:31:08.808 ERROR: Program context is undefined
  SevError(2) : dtacell.cpp : 559
13:31:08.808 ERROR: Operation succeeded
  SevError(2) : programcontext.cpp : 5208
13:31:08.808 ERROR: Program context is undefined
  SevError(2) : dtacell.cpp : 559
13:31:08.808 ERROR: Operation succeeded
  SevError(2) : programcontext.cpp : 5208
13:31:08.808 ERROR: Program context is undefined
  SevError(2) : dtacell.cpp : 559
13:31:08.808 ERROR: Operation succeeded
  SevError(2) : programcontext.cpp : 5208
13:31:08.808 ERROR: Program context is undefined
  SevError(2) : dtacell.cpp : 559
13:31:08.808 ERROR: Operation succeeded
  SevError(2) : programcontext.cpp : 5208
13:31:08.809 ERROR: Program context is undefined
  SevError(2) : dtacell.cpp : 559
13:31:08.809 ERROR: Operation succeeded
  SevError(2) : programcontext.cpp : 5208
13:31:08.809 ERROR: Program context is undefined
  SevError(2) : dtacell.cpp : 559
13:31:08.809 ERROR: Operation succeeded
  SevError(2) : programcontext.cpp : 5208
13:31:08.810 ERROR: Program context is undefined
  SevError(2) : dtacell.cpp : 559
13:31:08.810 ERROR: Operation succeeded
  SevError(2) : programcontext.cpp : 5208
13:31:08.814 ERROR: Program context is undefined
  SevError(2) : dtacell.cpp : 559
13:31:08.814 ERROR: Operation succeeded
  SevError(2) : programcontext.cpp : 5208
13:31:08.815 ERROR: Program context is undefined
  SevError(2) : dtacell.cpp : 559
13:31:08.815 ERROR: Operation succeeded
  SevError(2) : programcontext.cpp : 5208
13:31:08.815 ERROR: Program context is undefined
  SevError(2) : dtacell.cpp : 559
13:31:08.816 ERROR: Operation succeeded
  SevError(2) : programcontext.cpp : 5208
13:31:08.819 ERROR: Program context is undefined
  SevError(2) : dtacell.cpp : 559
13:31:08.819 ERROR: Operation succeeded
  SevError(2) : programcontext.cpp : 5208
13:31:08.820 ERROR: Program context is undefined
  SevError(2) : dtacell.cpp : 559
13:31:08.820 ERROR: Operation succeeded
  SevError(2) : programcontext.cpp : 5208
13:31:08.825 ERROR: Program context is undefined
  SevError(2) : dtacell.cpp : 559
13:31:08.825 ERROR: Operation succeeded
  SevError(2) : programcontext.cpp : 5208
13:31:08.827 ERROR: Program context is undefined
  SevError(2) : dtacell.cpp : 559
13:31:08.827 ERROR: Operation succeeded
  SevError(2) : programcontext.cpp : 5208
13:33:22.018 ERROR: Target not connected
  SevError(2) : torwtxCommon.cpp : 1058
13:33:22.018 ERROR: Operation succeeded
  SevError(2) : programcontext.cpp : 5208
13:33:22.019 ERROR: Operation succeeded
  SevError(2) : programcontext.cpp : 5208
13:33:22.019 ERROR: Operation succeeded
  SevError(2) : programcontext.cpp : 5208
13:33:22.020 ERROR: Operation succeeded
  SevError(2) : programcontext.cpp : 5208
13:33:22.020 ERROR: Operation succeeded
  SevError(2) : programcontext.cpp : 5208
13:33:22.020 ERROR: Operation succeeded
  SevError(2) : programcontext.cpp : 5208
13:33:22.020 ERROR: Operation succeeded
  SevError(2) : programcontext.cpp : 5208
13:33:22.021 ERROR: Operation succeeded
  SevError(2) : programcontext.cpp : 5208
13:33:22.021 ERROR: Operation succeeded
  SevError(2) : programcontext.cpp : 5208
13:33:22.021 ERROR: Operation succeeded
  SevError(2) : programcontext.cpp : 5208
13:33:22.021 ERROR: Operation succeeded
  SevError(2) : programcontext.cpp : 5208
13:33:22.021 ERROR: Operation succeeded
  SevError(2) : programcontext.cpp : 5208
13:33:22.021 ERROR: Operation succeeded
  SevError(2) : programcontext.cpp : 5208
13:33:22.021 ERROR: Operation succeeded
  SevError(2) : programcontext.cpp : 5208
13:33:22.021 ERROR: Operation succeeded
  SevError(2) : programcontext.cpp : 5208
13:33:22.021 ERROR: Operation succeeded
  SevError(2) : programcontext.cpp : 5208
13:33:22.022 ERROR: Operation succeeded
  SevError(2) : programcontext.cpp : 5208
13:33:22.022 ERROR: Operation succeeded
  SevError(2) : programcontext.cpp : 5208
13:33:22.520 ERROR: Target is busy. Try again later
  SevError(2) : tccallwrappers.cpp : 271
13:33:22.520 ERROR: Target is busy. Try again later
  SevError(2) : tccallwrappers.cpp : 271
13:33:23.055 ERROR: Operation succeeded
  SevError(2) : programcontext.cpp : 5208
13:33:23.055 ERROR: Operation succeeded
  SevError(2) : programcontext.cpp : 5208
13:33:23.057 ERROR: Operation succeeded
  SevError(2) : programcontext.cpp : 5208
13:33:23.132 ERROR: Program context is undefined
  SevError(2) : dtacell.cpp : 559
13:33:23.132 ERROR: Operation succeeded
  SevError(2) : programcontext.cpp : 5208
13:33:23.146 ERROR: Program context is undefined
  SevError(2) : dtacell.cpp : 559
13:33:23.146 ERROR: Operation succeeded
  SevError(2) : programcontext.cpp : 5208
13:33:23.146 ERROR: Program context is undefined
  SevError(2) : dtacell.cpp : 559
13:33:23.146 ERROR: Operation succeeded
  SevError(2) : programcontext.cpp : 5208
13:33:23.146 ERROR: Program context is undefined
  SevError(2) : dtacell.cpp : 559
13:33:23.146 ERROR: Operation succeeded
  SevError(2) : programcontext.cpp : 5208
13:33:23.146 ERROR: Program context is undefined
  SevError(2) : dtacell.cpp : 559
13:33:23.146 ERROR: Operation succeeded
  SevError(2) : programcontext.cpp : 5208
13:33:23.147 ERROR: Program context is undefined
  SevError(2) : dtacell.cpp : 559
13:33:23.147 ERROR: Operation succeeded
  SevError(2) : programcontext.cpp : 5208
13:33:23.151 ERROR: Program context is undefined
  SevError(2) : dtacell.cpp : 559
13:33:23.151 ERROR: Operation succeeded
  SevError(2) : programcontext.cpp : 5208
13:33:23.152 ERROR: Program context is undefined
  SevError(2) : dtacell.cpp : 559
13:33:23.152 ERROR: Operation succeeded
  SevError(2) : programcontext.cpp : 5208
13:33:23.154 ERROR: Program context is undefined
  SevError(2) : dtacell.cpp : 559
13:33:23.154 ERROR: Operation succeeded
  SevError(2) : programcontext.cpp : 5208
13:33:23.158 ERROR: Program context is undefined
  SevError(2) : dtacell.cpp : 559
13:33:23.158 ERROR: Operation succeeded
  SevError(2) : programcontext.cpp : 5208
13:33:23.159 ERROR: Program context is undefined
  SevError(2) : dtacell.cpp : 559
13:33:23.159 ERROR: Operation succeeded
  SevError(2) : programcontext.cpp : 5208
13:33:23.159 ERROR: Program context is undefined
  SevError(2) : dtacell.cpp : 559
13:33:23.159 ERROR: Operation succeeded
  SevError(2) : programcontext.cpp : 5208
13:33:23.160 ERROR: Program context is undefined
  SevError(2) : dtacell.cpp : 559
13:33:23.160 ERROR: Operation succeeded
  SevError(2) : programcontext.cpp : 5208
13:33:23.160 ERROR: Program context is undefined
  SevError(2) : dtacell.cpp : 559
13:33:23.160 ERROR: Operation succeeded
  SevError(2) : programcontext.cpp : 5208
13:33:23.160 ERROR: Program context is undefined
  SevError(2) : dtacell.cpp : 559
13:33:23.160 ERROR: Operation succeeded
  SevError(2) : programcontext.cpp : 5208
13:33:23.161 ERROR: Program context is undefined
  SevError(2) : dtacell.cpp : 559
13:33:23.161 ERROR: Operation succeeded
  SevError(2) : programcontext.cpp : 5208
13:33:23.162 ERROR: Program context is undefined
  SevError(2) : dtacell.cpp : 559
13:33:23.162 ERROR: Operation succeeded
  SevError(2) : programcontext.cpp : 5208
13:33:23.163 ERROR: Program context is undefined
  SevError(2) : dtacell.cpp : 559
13:33:23.163 ERROR: Operation succeeded
  SevError(2) : programcontext.cpp : 5208
13:33:23.164 ERROR: Program context is undefined
  SevError(2) : dtacell.cpp : 559
13:33:23.164 ERROR: Operation succeeded
  SevError(2) : programcontext.cpp : 5208
13:33:23.164 ERROR: Program context is undefined
  SevError(2) : dtacell.cpp : 559
13:33:23.164 ERROR: Operation succeeded
  SevError(2) : programcontext.cpp : 5208
13:33:23.164 ERROR: Program context is undefined
  SevError(2) : dtacell.cpp : 559
13:33:23.164 ERROR: Operation succeeded
  SevError(2) : programcontext.cpp : 5208
13:33:23.164 ERROR: Program context is undefined
  SevError(2) : dtacell.cpp : 559
13:33:23.164 ERROR: Operation succeeded
  SevError(2) : programcontext.cpp : 5208
13:33:23.165 ERROR: Program context is undefined
  SevError(2) : dtacell.cpp : 559
13:33:23.165 ERROR: Operation succeeded
  SevError(2) : programcontext.cpp : 5208
13:33:23.165 ERROR: Program context is undefined
  SevError(2) : dtacell.cpp : 559
13:33:23.165 ERROR: Operation succeeded
  SevError(2) : programcontext.cpp : 5208
13:33:23.165 ERROR: Program context is undefined
  SevError(2) : dtacell.cpp : 559
13:33:23.165 ERROR: Operation succeeded
  SevError(2) : programcontext.cpp : 5208
13:33:23.165 ERROR: Program context is undefined
  SevError(2) : dtacell.cpp : 559
13:33:23.165 ERROR: Operation succeeded
  SevError(2) : programcontext.cpp : 5208
13:33:23.165 ERROR: Program context is undefined
  SevError(2) : dtacell.cpp : 559
13:33:23.165 ERROR: Operation succeeded
  SevError(2) : programcontext.cpp : 5208
13:33:23.172 ERROR: Program context is undefined
  SevError(2) : dtacell.cpp : 559
13:33:23.172 ERROR: Operation succeeded
  SevError(2) : programcontext.cpp : 5208
13:33:23.224 ERROR: Program context is undefined
  SevError(2) : dtacell.cpp : 559
13:33:23.224 ERROR: Operation succeeded
  SevError(2) : programcontext.cpp : 5208
13:33:23.226 ERROR: Program context is undefined
  SevError(2) : dtacell.cpp : 559
13:33:23.226 ERROR: Operation succeeded
  SevError(2) : programcontext.cpp : 5208
13:33:23.227 ERROR: Program context is undefined
  SevError(2) : dtacell.cpp : 559
13:33:23.227 ERROR: Operation succeeded
  SevError(2) : programcontext.cpp : 5208
13:33:23.227 ERROR: Program context is undefined
  SevError(2) : dtacell.cpp : 559
13:33:23.227 ERROR: Operation succeeded
  SevError(2) : programcontext.cpp : 5208
13:33:23.227 ERROR: Program context is undefined
  SevError(2) : dtacell.cpp : 559
13:33:23.227 ERROR: Operation succeeded
  SevError(2) : programcontext.cpp : 5208
13:33:23.861 ERROR: Program context is undefined
  SevError(2) : dtacell.cpp : 559
13:33:23.861 ERROR: Operation succeeded
  SevError(2) : programcontext.cpp : 5208
13:34:05.607 ERROR: Program context is undefined
  SevError(2) : dtacell.cpp : 559
13:34:05.607 ERROR: Operation succeeded
  SevError(2) : programcontext.cpp : 5208
13:34:05.607 ERROR: Program context is undefined
  SevError(2) : dtacell.cpp : 559
13:34:05.607 ERROR: Operation succeeded
  SevError(2) : programcontext.cpp : 5208
13:34:05.607 ERROR: Program context is undefined
  SevError(2) : dtacell.cpp : 559
13:34:05.607 ERROR: Operation succeeded
  SevError(2) : programcontext.cpp : 5208
13:34:05.608 ERROR: Program context is undefined
  SevError(2) : dtacell.cpp : 559
13:34:05.608 ERROR: Operation succeeded
  SevError(2) : programcontext.cpp : 5208
13:34:05.608 ERROR: Program context is undefined
  SevError(2) : dtacell.cpp : 559
13:34:05.608 ERROR: Operation succeeded
  SevError(2) : programcontext.cpp : 5208
13:34:05.608 ERROR: Program context is undefined
  SevError(2) : dtacell.cpp : 559
13:34:05.608 ERROR: Operation succeeded
  SevError(2) : programcontext.cpp : 5208
13:34:05.609 ERROR: Program context is undefined
  SevError(2) : dtacell.cpp : 559
13:34:05.609 ERROR: Operation succeeded
  SevError(2) : programcontext.cpp : 5208
13:34:05.609 ERROR: Program context is undefined
  SevError(2) : dtacell.cpp : 559
13:34:05.609 ERROR: Operation succeeded
  SevError(2) : programcontext.cpp : 5208
13:34:05.609 ERROR: Program context is undefined
  SevError(2) : dtacell.cpp : 559
13:34:05.609 ERROR: Operation succeeded
  SevError(2) : programcontext.cpp : 5208
13:34:05.610 ERROR: Program context is undefined
  SevError(2) : dtacell.cpp : 559
13:34:05.610 ERROR: Operation succeeded
  SevError(2) : programcontext.cpp : 5208
13:34:05.610 ERROR: Program context is undefined
  SevError(2) : dtacell.cpp : 559
13:34:05.610 ERROR: Operation succeeded
  SevError(2) : programcontext.cpp : 5208
13:34:05.611 ERROR: Program context is undefined
  SevError(2) : dtacell.cpp : 559
13:34:05.611 ERROR: Operation succeeded
  SevError(2) : programcontext.cpp : 5208
13:34:05.611 ERROR: Program context is undefined
  SevError(2) : dtacell.cpp : 559
13:34:05.611 ERROR: Operation succeeded
  SevError(2) : programcontext.cpp : 5208
13:34:05.611 ERROR: Program context is undefined
  SevError(2) : dtacell.cpp : 559
13:34:05.612 ERROR: Operation succeeded
  SevError(2) : programcontext.cpp : 5208
13:34:05.612 ERROR: Program context is undefined
  SevError(2) : dtacell.cpp : 559
13:34:05.612 ERROR: Operation succeeded
  SevError(2) : programcontext.cpp : 5208
13:34:05.612 ERROR: Program context is undefined
  SevError(2) : dtacell.cpp : 559
13:34:05.612 ERROR: Operation succeeded
  SevError(2) : programcontext.cpp : 5208
13:34:05.613 ERROR: Program context is undefined
  SevError(2) : dtacell.cpp : 559
13:34:05.613 ERROR: Operation succeeded
  SevError(2) : programcontext.cpp : 5208
13:34:05.618 ERROR: Program context is undefined
  SevError(2) : dtacell.cpp : 559
13:34:05.618 ERROR: Operation succeeded
  SevError(2) : programcontext.cpp : 5208
13:34:05.621 ERROR: Program context is undefined
  SevError(2) : dtacell.cpp : 559
13:34:05.621 ERROR: Operation succeeded
  SevError(2) : programcontext.cpp : 5208
13:34:05.621 ERROR: Program context is undefined
  SevError(2) : dtacell.cpp : 559
13:34:05.621 ERROR: Operation succeeded
  SevError(2) : programcontext.cpp : 5208
13:34:05.622 ERROR: Program context is undefined
  SevError(2) : dtacell.cpp : 559
13:34:05.622 ERROR: Operation succeeded
  SevError(2) : programcontext.cpp : 5208
13:34:05.622 ERROR: Program context is undefined
  SevError(2) : dtacell.cpp : 559
13:34:05.622 ERROR: Operation succeeded
  SevError(2) : programcontext.cpp : 5208
13:34:05.623 ERROR: Program context is undefined
  SevError(2) : dtacell.cpp : 559
13:34:05.623 ERROR: Operation succeeded
  SevError(2) : programcontext.cpp : 5208
13:34:05.628 WARNING: This module references unresolved symbols.
  Protocol Component : SevWarning(1) : mitosobjectcommands.cpp : 1891
13:34:06.683 ERROR: Program context is undefined
  SevError(2) : dtacell.cpp : 559
13:34:06.683 ERROR: Operation succeeded
  SevError(2) : programcontext.cpp : 5208
13:34:06.684 ERROR: Program context is undefined
  SevError(2) : dtacell.cpp : 559
13:34:06.684 ERROR: Operation succeeded
  SevError(2) : programcontext.cpp : 5208
13:34:06.688 ERROR: Program context is undefined
  SevError(2) : dtacell.cpp : 559
13:34:06.688 ERROR: Operation succeeded
  SevError(2) : programcontext.cpp : 5208
13:34:06.688 ERROR: Program context is undefined
  SevError(2) : dtacell.cpp : 559
13:34:06.688 ERROR: Operation succeeded
  SevError(2) : programcontext.cpp : 5208
13:34:06.689 ERROR: Program context is undefined
  SevError(2) : dtacell.cpp : 559
13:34:06.689 ERROR: Operation succeeded
  SevError(2) : programcontext.cpp : 5208
13:34:06.689 ERROR: Program context is undefined
  SevError(2) : dtacell.cpp : 559
13:34:06.689 ERROR: Operation succeeded
  SevError(2) : programcontext.cpp : 5208
13:34:06.689 ERROR: Program context is undefined
  SevError(2) : dtacell.cpp : 559
13:34:06.689 ERROR: Operation succeeded
  SevError(2) : programcontext.cpp : 5208
13:34:06.689 ERROR: Program context is undefined
  SevError(2) : dtacell.cpp : 559
13:34:06.689 ERROR: Operation succeeded
  SevError(2) : programcontext.cpp : 5208
13:34:06.689 ERROR: Program context is undefined
  SevError(2) : dtacell.cpp : 559
13:34:06.689 ERROR: Operation succeeded
  SevError(2) : programcontext.cpp : 5208
13:34:06.689 ERROR: Program context is undefined
  SevError(2) : dtacell.cpp : 559
13:34:06.689 ERROR: Operation succeeded
  SevError(2) : programcontext.cpp : 5208
13:34:06.689 ERROR: Program context is undefined
  SevError(2) : dtacell.cpp : 559
13:34:06.689 ERROR: Operation succeeded
  SevError(2) : programcontext.cpp : 5208
13:34:06.690 ERROR: Program context is undefined
  SevError(2) : dtacell.cpp : 559
13:34:06.690 ERROR: Operation succeeded
  SevError(2) : programcontext.cpp : 5208
13:34:06.690 ERROR: Program context is undefined
  SevError(2) : dtacell.cpp : 559
13:34:06.690 ERROR: Operation succeeded
  SevError(2) : programcontext.cpp : 5208
13:34:06.690 ERROR: Program context is undefined
  SevError(2) : dtacell.cpp : 559
13:34:06.690 ERROR: Operation succeeded
  SevError(2) : programcontext.cpp : 5208
13:34:06.690 ERROR: Program context is undefined
  SevError(2) : dtacell.cpp : 559
13:34:06.690 ERROR: Operation succeeded
  SevError(2) : programcontext.cpp : 5208
13:34:06.690 ERROR: Program context is undefined
  SevError(2) : dtacell.cpp : 559
13:34:06.690 ERROR: Operation succeeded
  SevError(2) : programcontext.cpp : 5208
13:34:06.690 ERROR: Program context is undefined
  SevError(2) : dtacell.cpp : 559
13:34:06.690 ERROR: Operation succeeded
  SevError(2) : programcontext.cpp : 5208
13:34:06.690 ERROR: Program context is undefined
  SevError(2) : dtacell.cpp : 559
13:34:06.690 ERROR: Operation succeeded
  SevError(2) : programcontext.cpp : 5208
13:34:06.690 ERROR: Program context is undefined
  SevError(2) : dtacell.cpp : 559
13:34:06.690 ERROR: Operation succeeded
  SevError(2) : programcontext.cpp : 5208
13:34:06.690 ERROR: Program context is undefined
  SevError(2) : dtacell.cpp : 559
13:34:06.690 ERROR: Operation succeeded
  SevError(2) : programcontext.cpp : 5208
13:34:06.692 ERROR: Program context is undefined
  SevError(2) : dtacell.cpp : 559
13:34:06.692 ERROR: Operation succeeded
  SevError(2) : programcontext.cpp : 5208
13:34:06.696 ERROR: Program context is undefined
  SevError(2) : dtacell.cpp : 559
13:34:06.696 ERROR: Operation succeeded
  SevError(2) : programcontext.cpp : 5208
13:34:06.697 ERROR: Program context is undefined
  SevError(2) : dtacell.cpp : 559
13:34:06.697 ERROR: Operation succeeded
  SevError(2) : programcontext.cpp : 5208
13:34:06.697 ERROR: Program context is undefined
  SevError(2) : dtacell.cpp : 559
13:34:06.697 ERROR: Operation succeeded
  SevError(2) : programcontext.cpp : 5208
13:34:06.701 ERROR: Program context is undefined
  SevError(2) : dtacell.cpp : 559
13:34:06.701 ERROR: Operation succeeded
  SevError(2) : programcontext.cpp : 5208
13:34:06.702 ERROR: Program context is undefined
  SevError(2) : dtacell.cpp : 559
13:34:06.702 ERROR: Operation succeeded
  SevError(2) : programcontext.cpp : 5208
13:34:06.707 ERROR: Program context is undefined
  SevError(2) : dtacell.cpp : 559
13:34:06.707 ERROR: Operation succeeded
  SevError(2) : programcontext.cpp : 5208
13:34:06.771 ERROR: Program context is undefined
  SevError(2) : dtacell.cpp : 559
13:34:06.771 ERROR: Operation succeeded
  SevError(2) : programcontext.cpp : 5208
13:41:37.092 ERROR: Operation succeeded
  SevError(2) : programcontext.cpp : 5208
13:41:37.093 ERROR: Operation succeeded
  SevError(2) : programcontext.cpp : 5208
13:41:37.093 ERROR: Program context is undefined
  SevError(2) : dtacell.cpp : 559
13:41:37.093 ERROR: Operation succeeded
  SevError(2) : programcontext.cpp : 5208
13:41:37.094 ERROR: Disconnect in progress
  SevError(2) : scruncontrol.cpp : 872
13:41:37.099 ERROR: The program context is marked as deleted
  SevError(2) : scruncontrol.cpp : 868
13:41:37.099 ERROR: The program context is marked as deleted
  SevError(2) : dtacell.cpp : 566
13:41:37.099 ERROR: Program context has no Core defined
  SevError(2) : targetcomponent.cpp : 2925
13:41:37.099 ERROR: Program context is undefined
  SevError(2) : targetcomponent.cpp : 4561
13:41:37.099 ERROR: Program context has no Core defined
  SevError(2) : tccoreinfo.cpp : 508
13:41:37.099 ERROR: Program context has no Core defined
  SevError(2) : tccoreinfo.cpp : 416
13:41:37.099 ERROR: Program context has no Core defined
  SevError(2) : targetcomponent.cpp : 1119
13:41:37.100 ERROR: Target not connected: TargetComponent::CheckInitAndConnect
  SevError(2) : targetcomponent.cpp : 2837
13:41:37.100 ERROR: Target not connected
  SevError(2) : targetcomponent.cpp : 2837
13:41:37.102 ERROR: no id specified
  SevError(2) : programcontext.cpp : 5665
13:41:37.107 ERROR: Target not connected: TargetComponent::CheckInitAndConnect
  SevError(2) : targetcomponent.cpp : 2837
13:41:37.107 ERROR: Target not connected
  SevError(2) : targetcomponent.cpp : 2837
13:41:37.107 ERROR: no id specified
  SevError(2) : programcontext.cpp : 5665
13:41:40.246 ERROR: Socket Error. API: recv, SessionId: 916, ReturnCode:  [SystemErrorCode=10054]: SocketHandler::Read
  Protocol Component : SevError(2) : sockethandler.cpp : 102
13:41:40.246 ERROR: Socket Error. API: recv, SessionId: 916, ReturnCode:  [SystemErrorCode=10054]
  Protocol Component : SevError(2) : sockethandler.cpp : 102
13:41:40.246 ERROR: target definition defaultTarget has not been created
  Protocol Component : SevError(2) : targetdefinitionmanager.cpp : 5161
13:41:40.246 ERROR: target definition VxWorks6x_90.0.0.50 has not been created
  Protocol Component : SevError(2) : targetdefinitionmanager.cpp : 5161
13:41:40.246 Operation succeeded: ShutdownServer
  Reason: ERRNone  Severity: ERRSuccessful13:41:40.246 ERROR: target definition defaultTarget has not been created
  Protocol Component : SevError(2) : targetdefinitionmanager.cpp : 5161
13:41:40.246 ERROR: target definition VxWorks6x_90.0.0.50 has not been created
  Protocol Component : SevError(2) : targetdefinitionmanager.cpp : 5161
